<?xml version="1.0" encoding="utf-8"?><testsuites name="pytest tests"><testsuite name="pytest" errors="0" failures="0" skipped="1" tests="596" time="25.618" timestamp="2026-09-21T22:25:23.336168+05:30" hostname="Aarya"><properties><property name="hypothesis-statistics-tests/unit/test_paths.py::test_resolve_safe_hypothesis_never_raises_and_is_absolute" value="dGVzdHMvdW5pdC90ZXN0X3BhdGhzLnB5Ojp0ZXN0X3Jlc29sdmVfc2FmZV9oeXBvdGhlc2lzX25ldmVyX3JhaXNlc19hbmRfaXNfYWJzb2x1dGU6CgogIC0gZHVyaW5nIGdlbmVyYXRlIHBoYXNlICgwLjIxIHNlY29uZHMpOgogICAgLSBUeXBpY2FsIHJ1bnRpbWVzOiB+IDAtMSBtcywgb2Ygd2hpY2ggPCAxbXMgaW4gZGF0YSBnZW5lcmF0aW9uCiAgICAtIDEwMCBwYXNzaW5nLCAwIGZhaWxpbmcsIGFuZCAyNSBpbnZhbGlkIHRlc3QgY2FzZXMKCiAgLSBTdG9wcGVkIGJlY2F1c2Ugc2V0dGluZ3MubWF4X2V4YW1wbGVzPTEwMA==" /><property name="hypothesis-statistics-tests/unit/test_paths.py::test_normalise_key_is_total_and_idempotent" value="dGVzdHMvdW5pdC90ZXN0X3BhdGhzLnB5Ojp0ZXN0X25vcm1hbGlzZV9rZXlfaXNfdG90YWxfYW5kX2lkZW1wb3RlbnQ6CgogIC0gZHVyaW5nIGdlbmVyYXRlIHBoYXNlICgwLjA2IHNlY29uZHMpOgogICAgLSBUeXBpY2FsIHJ1bnRpbWVzOiA8IDFtcywgb2Ygd2hpY2ggPCAxbXMgaW4gZGF0YSBnZW5lcmF0aW9uCiAgICAtIDEwMCBwYXNzaW5nLCAwIGZhaWxpbmcsIGFuZCAwIGludmFsaWQgdGVzdCBjYXNlcwoKICAtIFN0b3BwZWQgYmVjYXVzZSBzZXR0aW5ncy5tYXhfZXhhbXBsZXM9MTAw" /></properties><testcase classname="tests.unit.test_agent" name="test_decision_rejects_boolean_typed_confirmation" time="0.002" /><testcase classname="tests.unit.test_agent" name="test_decision_accepts_typed_confirmation_string" time="0.001" /><testcase classname="tests.unit.test_agent" name="test_nodes_package_is_a_flat_import_bundle" time="0.001" /><testcase classname="tests.unit.test_agent" name="test_runner_reads_state_via_graph_not_checkpointer" time="0.073" /><testcase classname="tests.unit.test_agent" name="test_runner_state_has_no_password_residue" time="0.047" /><testcase classname="tests.unit.test_agent" name="test_act_runs_when_the_exact_action_was_approved" time="0.004" /><testcase classname="tests.unit.test_agent" name="test_act_refuses_step_mutated_after_approval" time="0.003" /><testcase classname="tests.unit.test_agent" name="test_act_refuses_unknown_tool" time="0.004" /><testcase classname="tests.unit.test_agent" name="test_act_refuses_hard_blocked_tool_even_with_approved_hash" time="0.002" /><testcase classname="tests.unit.test_agent" name="test_respond_never_claims_success_when_verification_failed" time="0.001" /><testcase classname="tests.unit.test_agent" name="test_respond_marks_unverified_success_honestly" time="0.001" /><testcase classname="tests.unit.test_cli" name="test_version_flag" time="0.021" /><testcase classname="tests.unit.test_cli" name="test_no_args_shows_help" time="0.102" /><testcase classname="tests.unit.test_cli" name="test_status_when_daemon_not_running" time="0.156" /><testcase classname="tests.unit.test_cli" name="test_password_set_cli_non_interactive" time="0.096" /><testcase classname="tests.unit.test_cli" name="test_password_set_cli_requires_current_when_hash_exists" time="0.199" /><testcase classname="tests.unit.test_cli" name="test_password_change_cli_non_interactive" time="0.385" /><testcase classname="tests.unit.test_cli" name="test_lock_and_unlock_command_contract" time="0.258" /><testcase classname="tests.unit.test_cli" name="test_confirmation_answer_never_carries_a_password" time="0.002" /><testcase classname="tests.unit.test_cli" name="test_doctor_full_pass_directory" time="0.008" /><testcase classname="tests.unit.test_cli" name="test_doctor_reports_missing_key_and_models" time="0.010" /><testcase classname="tests.unit.test_cli" name="test_doctor_pass_with_configured_models" time="0.012" /><testcase classname="tests.unit.test_cli" name="test_doctor_live_requires_key" time="0.016" /><testcase classname="tests.unit.test_cli" name="test_init_config_writes_config_and_stores_key" time="0.094" /><testcase classname="tests.unit.test_cli" name="test_init_config_non_interactive_skips_missing_keys" time="0.009" /><testcase classname="tests.unit.test_cli" name="test_init_config_generates_ipc_token" time="0.010" /><testcase classname="tests.unit.test_cli" name="test_init_config_keeps_existing_config" time="0.005" /><testcase classname="tests.unit.test_config" name="test_defaults_when_no_config" time="0.008" /><testcase classname="tests.unit.test_config" name="test_default_config_toml_parses" time="0.002" /><testcase classname="tests.unit.test_config" name="test_load_from_toml_file" time="0.024" /><testcase classname="tests.unit.test_config" name="test_env_overrides_toml" time="0.006" /><testcase classname="tests.unit.test_config" name="test_missing_toml_returns_defaults" time="0.006" /><testcase classname="tests.unit.test_config" name="test_voice_enabled_true_loaded_from_toml" time="0.007" /><testcase classname="tests.unit.test_config" name="test_voice_enabled_false_loaded_from_toml" time="0.016" /><testcase classname="tests.unit.test_config" name="test_env_override_wins_over_toml_true_to_false" time="0.012" /><testcase classname="tests.unit.test_config" name="test_env_override_wins_over_toml_false_to_true" time="0.010" /><testcase classname="tests.unit.test_config" name="test_cli_and_daemon_resolve_same_settings" time="0.017" /><testcase classname="tests.unit.test_config" name="test_user_data_dir_override" time="0.007" /><testcase classname="tests.unit.test_config" name="test_path_helpers_live_under_data_dir" time="0.006" /><testcase classname="tests.unit.test_config" name="test_user_data_dir_unset_uses_platform_default" time="0.002" /><testcase classname="tests.unit.test_contacts_cli.TestContactsAdd" name="test_add_and_list_masks_number" time="0.055" /><testcase classname="tests.unit.test_contacts_cli.TestContactsAdd" name="test_invalid_number_fails" time="0.049" /><testcase classname="tests.unit.test_contacts_cli.TestContactsAdd" name="test_duplicate_name_fails" time="0.022" /><testcase classname="tests.unit.test_contacts_cli.TestContactsRemove" name="test_remove" time="0.027" /><testcase classname="tests.unit.test_contacts_cli.TestContactsRemove" name="test_remove_unknown_fails" time="0.023" /><testcase classname="tests.unit.test_contacts_cli.TestContactsList" name="test_empty_list" time="0.027" /><testcase classname="tests.unit.test_contacts_cli.TestContactsList" name="test_sorted_by_name" time="0.029" /><testcase classname="tests.unit.test_daemon_protocol.TestSerializationRoundTrip" name="test_client_to_server_round_trip[msg0]" time="0.002" /><testcase classname="tests.unit.test_daemon_protocol.TestSerializationRoundTrip" name="test_client_to_server_round_trip[msg1]" time="0.001" /><testcase classname="tests.unit.test_daemon_protocol.TestSerializationRoundTrip" name="test_client_to_server_round_trip[msg2]" time="0.001" /><testcase classname="tests.unit.test_daemon_protocol.TestSerializationRoundTrip" name="test_client_to_server_round_trip[msg3]" time="0.001" /><testcase classname="tests.unit.test_daemon_protocol.TestSerializationRoundTrip" name="test_client_to_server_round_trip[msg4]" time="0.001" /><testcase classname="tests.unit.test_daemon_protocol.TestSerializationRoundTrip" name="test_client_to_server_round_trip[msg5]" time="0.001" /><testcase classname="tests.unit.test_daemon_protocol.TestSerializationRoundTrip" name="test_client_to_server_round_trip[msg6]" time="0.001" /><testcase classname="tests.unit.test_daemon_protocol.TestSerializationRoundTrip" name="test_client_to_server_round_trip[msg7]" time="0.002" /><testcase classname="tests.unit.test_daemon_protocol.TestSerializationRoundTrip" name="test_server_to_client_round_trip[msg0]" time="0.003" /><testcase classname="tests.unit.test_daemon_protocol.TestSerializationRoundTrip" name="test_server_to_client_round_trip[msg1]" time="0.001" /><testcase classname="tests.unit.test_daemon_protocol.TestSerializationRoundTrip" name="test_server_to_client_round_trip[msg2]" time="0.002" /><testcase classname="tests.unit.test_daemon_protocol.TestSerializationRoundTrip" name="test_server_to_client_round_trip[msg3]" time="0.001" /><testcase classname="tests.unit.test_daemon_protocol.TestSerializationRoundTrip" name="test_server_to_client_round_trip[msg4]" time="0.002" /><testcase classname="tests.unit.test_daemon_protocol.TestSerializationRoundTrip" name="test_server_to_client_round_trip[msg5]" time="0.002" /><testcase classname="tests.unit.test_daemon_protocol.TestSerializationRoundTrip" name="test_server_to_client_round_trip[msg6]" time="0.002" /><testcase classname="tests.unit.test_daemon_protocol.TestDefaults" name="test_chat_message_defaults" time="0.001" /><testcase classname="tests.unit.test_daemon_protocol.TestDefaults" name="test_auth_ok_default_version" time="0.001" /><testcase classname="tests.unit.test_daemon_protocol.TestDefaults" name="test_event_message_default_kind" time="0.001" /><testcase classname="tests.unit.test_daemon_protocol.TestDefaults" name="test_status_response_defaults" time="0.001" /><testcase classname="tests.unit.test_daemon_protocol.TestDefaults" name="test_status_response_voice_reason_is_optional" time="0.001" /><testcase classname="tests.unit.test_daemon_protocol.TestValidation" name="test_chat_message_rejects_empty_text" time="0.001" /><testcase classname="tests.unit.test_daemon_protocol.TestValidation" name="test_chat_message_rejects_long_text" time="0.001" /><testcase classname="tests.unit.test_daemon_protocol.TestValidation" name="test_confirm_response_password_optional" time="0.002" /><testcase classname="tests.unit.test_daemon_protocol.TestValidation" name="test_event_message_invalid_kind_rejected" time="0.001" /><testcase classname="tests.unit.test_daemon_protocol.TestParseMessage" name="test_valid_json_wrong_type_returns_none" time="0.001" /><testcase classname="tests.unit.test_daemon_protocol.TestParseMessage" name="test_invalid_json_returns_none" time="0.001" /><testcase classname="tests.unit.test_daemon_protocol.TestParseMessage" name="test_non_dict_json_returns_none" time="0.001" /><testcase classname="tests.unit.test_daemon_protocol.TestParseMessage" name="test_array_json_returns_none" time="0.001" /><testcase classname="tests.unit.test_daemon_protocol.TestParseMessage" name="test_empty_string_returns_none" time="0.001" /><testcase classname="tests.unit.test_daemon_protocol.TestParseMessage" name="test_auth_message_parsed" time="0.001" /><testcase classname="tests.unit.test_daemon_protocol.TestParseMessage" name="test_chat_message_parsed" time="0.001" /><testcase classname="tests.unit.test_daemon_protocol.TestParseMessage" name="test_missing_required_field_returns_none" time="0.002" /><testcase classname="tests.unit.test_daemon_protocol.TestMaxMessageSize" name="test_max_size_constant_is_reasonable" time="0.002" /><testcase classname="tests.unit.test_daemon_protocol.TestMaxMessageSize" name="test_large_payload_still_serializes" time="0.001" /><testcase classname="tests.unit.test_daemon_server.TestServerMessageParsing" name="test_parse_auth" time="0.001" /><testcase classname="tests.unit.test_daemon_server.TestServerMessageParsing" name="test_parse_chat" time="0.001" /><testcase classname="tests.unit.test_daemon_server.TestServerMessageParsing" name="test_parse_confirm" time="0.001" /><testcase classname="tests.unit.test_daemon_server.TestServerMessageParsing" name="test_parse_status" time="0.001" /><testcase classname="tests.unit.test_daemon_server.TestServerMessageParsing" name="test_parse_shutdown" time="0.002" /><testcase classname="tests.unit.test_daemon_server.TestServerMessageParsing" name="test_parse_garbage_returns_none" time="0.001" /><testcase classname="tests.unit.test_daemon_server.TestTaskSlot" name="test_slot_defaults" time="0.001" /><testcase classname="tests.unit.test_daemon_server.TestTaskSlot" name="test_slot_event_signalling" time="0.001" /><testcase classname="tests.unit.test_daemon_server.TestClientConnection" name="test_closed_connection_send_is_noop" time="0.005" /><testcase classname="tests.unit.test_daemon_server.TestClientConnection" name="test_send_writes_ndjson" time="0.008" /><testcase classname="tests.unit.test_daemon_server.TestClientConnection" name="test_send_handles_connection_error" time="0.005" /><testcase classname="tests.unit.test_daemon_server.TestClientConnection" name="test_recv_returns_none_on_eof" time="0.006" /><testcase classname="tests.unit.test_daemon_server.TestClientConnection" name="test_recv_returns_none_on_oversized" time="0.003" /><testcase classname="tests.unit.test_daemon_server.TestClientConnection" name="test_recv_parses_valid_message" time="0.007" /><testcase classname="tests.unit.test_daemon_server.TestClientConnection" name="test_close_idempotent" time="0.002" /><testcase classname="tests.unit.test_daemon_voice.TestVoiceToggleProtocol" name="test_parse_voice_toggle_message" time="0.001" /><testcase classname="tests.unit.test_daemon_voice.TestVoiceToggleProtocol" name="test_parse_malformed_voice_toggle_returns_none" time="0.001" /><testcase classname="tests.unit.test_daemon_voice.TestVoiceToggleProtocol" name="test_confirm_response_defaults_to_terminal_source" time="0.001" /><testcase classname="tests.unit.test_daemon_voice.TestToggleEndToEnd" name="test_toggle_on_starts_daemon_voice" time="2.167" /><testcase classname="tests.unit.test_daemon_voice.TestToggleEndToEnd" name="test_toggle_off_when_never_started_is_idempotent" time="0.171" /><testcase classname="tests.unit.test_daemon_voice.TestToggleEndToEnd" name="test_toggle_on_rejected_when_disabled_in_config" time="0.172" /><testcase classname="tests.unit.test_daemon_voice.TestVoiceSourceGuard" name="test_tier2_voice_source_rejected" time="0.005" /><testcase classname="tests.unit.test_daemon_voice.TestVoiceSourceGuard" name="test_tier3_voice_source_rejected" time="0.003" /><testcase classname="tests.unit.test_daemon_voice.TestVoiceSourceGuard" name="test_tier1_voice_source_not_user_error" time="0.005" /><testcase classname="tests.unit.test_daemon_voice.TestVoiceWorkerBridge" name="test_voice_submit_runs_worker_and_returns_final" time="0.002" /><testcase classname="tests.unit.test_daemon_voice.TestVoiceWorkerBridge" name="test_voice_submit_refuses_when_confirmation_blocked" time="0.002" /><testcase classname="tests.unit.test_daemon_voice.TestVoiceWorkerBridge" name="test_voice_submit_without_live_loop_fails_closed" time="0.002" /><testcase classname="tests.unit.test_daemon_voice.TestVoiceWorkerBridge" name="test_voice_submit_queue_full_returns_error" time="0.004" /><testcase classname="tests.unit.test_daemon_voice.TestVoiceDoesNotBreakChat" name="test_chat_message_parses_unchanged" time="0.001" /><testcase classname="tests.unit.test_daemon_voice.TestVoiceErrorStates" name="test_toggle_on_sends_error_message_with_fixed_code" time="0.003" /><testcase classname="tests.unit.test_daemon_voice.TestVoiceErrorStates" name="test_toggle_on_after_error_retries_and_activates" time="0.364" /><testcase classname="tests.unit.test_daemon_voice.TestVoiceErrorStates" name="test_status_reports_error_and_reason" time="0.003" /><testcase classname="tests.unit.test_daemon_voice.TestVoiceErrorStates" name="test_boot_auto_start_failure_sets_error_and_keeps_daemon_alive" time="0.003" /><testcase classname="tests.unit.test_daemon_wake" name="test_wake_dispatch_from_worker_thread_wakes_sleeping_loop" time="0.206" /><testcase classname="tests.unit.test_daemon_wake" name="test_wake_dispatch_on_loop_thread_sets_event_directly" time="0.005" /><testcase classname="tests.unit.test_daemon_wake" name="test_wake_dispatch_without_captured_loop_still_sets_event" time="0.005" /><testcase classname="tests.unit.test_daemon_wake" name="test_confirm_flow_final_delivered_within_2s" time="0.161" /><testcase classname="tests.unit.test_daemon_wake" name="test_denied_confirmation_never_executes_and_arrives_promptly" time="0.173" /><testcase classname="tests.unit.test_daemon_wake" name="test_tampered_hash_cannot_drive_resume_to_execution" time="0.170" /><testcase classname="tests.unit.test_daemon_wake" name="test_queued_task_result_delivered_after_promotion" time="0.249" /><testcase classname="tests.unit.test_daemon_wake" name="test_status_while_worker_running_uses_no_worker_wake" time="0.172" /><testcase classname="tests.unit.test_daemon_wake" name="test_direct_completion_final_delivered_promptly" time="0.187" /><testcase classname="tests.unit.test_files" name="test_create_file_writes_and_verifies" time="0.011" /><testcase classname="tests.unit.test_files" name="test_create_file_refuses_outside_allowed_root" time="0.007" /><testcase classname="tests.unit.test_files" name="test_append_file_appends_and_verifies" time="0.007" /><testcase classname="tests.unit.test_files" name="test_list_dir_lists_entries_and_flags_taint" time="0.005" /><testcase classname="tests.unit.test_files" name="test_read_file_reads_and_truncates_at_max_bytes" time="0.006" /><testcase classname="tests.unit.test_files" name="test_read_file_rejects_non_utf8_content" time="0.008" /><testcase classname="tests.unit.test_files" name="test_delete_file_moves_to_bin_and_writes_undo_record" time="0.022" /><testcase classname="tests.unit.test_files" name="test_delete_folder_moves_whole_tree_to_bin" time="0.020" /><testcase classname="tests.unit.test_files" name="test_delete_path_fails_closed_on_outside_and_protected_paths" time="0.016" /><testcase classname="tests.unit.test_files" name="test_delete_path_partial_failure_reports_honestly" time="0.031" /><testcase classname="tests.unit.test_files" name="test_delete_path_dry_run_never_touches_disk" time="0.010" /><testcase classname="tests.unit.test_files" name="test_delete_never_uses_permanent_deletion" time="0.018" /><testcase classname="tests.unit.test_files" name="test_delete_refuses_when_bin_fails_without_fallback" time="0.012" /><testcase classname="tests.unit.test_files" name="test_undo_restores_the_latest_delete_and_marks_it" time="0.039" /><testcase classname="tests.unit.test_files" name="test_undo_refuses_a_target_that_is_now_outside_allowed_roots" time="0.018" /><testcase classname="tests.unit.test_files" name="test_undo_skips_malformed_and_foreign_records" time="0.013" /><testcase classname="tests.unit.test_files" name="test_undo_reports_when_bin_location_is_unknown" time="0.014" /><testcase classname="tests.unit.test_files" name="test_undo_dry_run_only_previews" time="0.018" /><testcase classname="tests.unit.test_files" name="test_undo_records_are_list_iterable_from_the_log" time="0.018" /><testcase classname="tests.unit.test_invariants" name="test_invariant_1_unknown_tool_is_rejected_without_execution" time="0.070" /><testcase classname="tests.unit.test_invariants" name="test_invariant_2_registry_forbids_shell_tools[shell]" time="0.002" /><testcase classname="tests.unit.test_invariants" name="test_invariant_2_registry_forbids_shell_tools[powershell]" time="0.001" /><testcase classname="tests.unit.test_invariants" name="test_invariant_2_registry_forbids_shell_tools[cmd]" time="0.003" /><testcase classname="tests.unit.test_invariants" name="test_invariant_2_registry_forbids_shell_tools[exec]" time="0.004" /><testcase classname="tests.unit.test_invariants" name="test_invariant_2_registry_forbids_shell_tools[eval]" time="0.004" /><testcase classname="tests.unit.test_invariants" name="test_invariant_2_registry_name_gap_is_closed_by_policy_rules" time="0.002" /><testcase classname="tests.unit.test_invariants" name="test_invariant_3_hard_blocked_tool_never_runs" time="0.044" /><testcase classname="tests.unit.test_invariants" name="test_invariant_6_tampered_hash_never_executes" time="0.043" /><testcase classname="tests.unit.test_invariants" name="test_invariant_6_denied_never_executes" time="0.043" /><testcase classname="tests.unit.test_invariants" name="test_invariant_6_mutated_plan_after_approval_never_executes" time="0.089" /><testcase classname="tests.unit.test_invariants" name="test_invariant_7_values_in_state_never_contain_secrets" time="0.054" /><testcase classname="tests.unit.test_invariants" name="test_invariant_8_untrusted_content_flagged" time="0.008" /><testcase classname="tests.unit.test_invariants" name="test_invariant_9_verification_failure_fails_closed" time="0.044" /><testcase classname="tests.unit.test_invariants" name="test_invariant_9_whatsapp_unverifiable_window_never_sends" time="0.015" /><testcase classname="tests.unit.test_invariants" name="test_invariant_11_tier2_refuses_without_unlocked_session" time="0.046" /><testcase classname="tests.unit.test_invariants" name="test_invariant_11_tier2_approval_with_unlock_still_needs_confirm" time="0.030" /><testcase classname="tests.unit.test_invariants" name="test_invariant_12_llm_cannot_lower_tier" time="0.035" /><testcase classname="tests.unit.test_invariants" name="test_invariant_13_no_side_effects_before_interrupt" time="0.050" /><testcase classname="tests.unit.test_invariants" name="test_no_blocked_deserialization_warnings_through_full_flow" time="0.044" /><testcase classname="tests.unit.test_invariants" name="test_invariant_4_delete_escape_and_protected_paths_never_even_decide" time="0.019" /><testcase classname="tests.unit.test_invariants" name="test_invariant_5_delete_uses_bin_undo_log_and_no_permanent_fallback" time="0.020" /><testcase classname="tests.unit.test_invariants" name="test_invariant_7_and_14_jarvis_password_lives_only_as_a_hash_outside_the_graph" time="0.171" /><testcase classname="tests.unit.test_invariants" name="test_invariant_10_ipc_requires_token" time="0.820" /><testcase classname="tests.unit.test_invariants" name="test_invariant_15_audio_not_sent_to_llm" time="0.001" /><testcase classname="tests.unit.test_invariants" name="test_invariant_16_voice_error_codes_are_a_closed_set" time="0.001" /><testcase classname="tests.unit.test_llm_client" name="test_structured_uses_json_schema_mode" time="0.166" /><testcase classname="tests.unit.test_llm_client" name="test_structured_falls_back_to_json_mode_when_schema_rejected" time="0.015" /><testcase classname="tests.unit.test_llm_client" name="test_repairs_invalid_json_once" time="0.023" /><testcase classname="tests.unit.test_llm_client" name="test_repair_failure_raises_llm_error" time="0.019" /><testcase classname="tests.unit.test_llm_client" name="test_json_fence_is_stripped" time="0.015" /><testcase classname="tests.unit.test_llm_client" name="test_text_returns_content_and_tracks_usage" time="0.016" /><testcase classname="tests.unit.test_llm_client" name="test_non_schema_groq_error_wraps_in_llm_error" time="0.017" /><testcase classname="tests.unit.test_llm_client" name="test_rate_limit_retries_then_succeeds" time="0.017" /><testcase classname="tests.unit.test_llm_client" name="test_rate_limit_exhaustion_raises" time="0.017" /><testcase classname="tests.unit.test_llm_client" name="test_server_error_retries" time="0.016" /><testcase classname="tests.unit.test_llm_client" name="test_missing_model_role_raises" time="0.015" /><testcase classname="tests.unit.test_llm_client" name="test_unknown_role_raises" time="0.016" /><testcase classname="tests.unit.test_llm_client.TestFakeLLM" name="test_structured_returns_scripted_model" time="0.001" /><testcase classname="tests.unit.test_llm_client.TestFakeLLM" name="test_text_returns_scripted_string" time="0.001" /><testcase classname="tests.unit.test_llm_client.TestFakeLLM" name="test_default_model_when_script_exhausted" time="0.001" /><testcase classname="tests.unit.test_llm_client.TestFakeLLM" name="test_wrong_script_type_raises" time="0.001" /><testcase classname="tests.unit.test_llm_client.TestFakeLLM" name="test_exhausted_without_default_raises" time="0.001" /><testcase classname="tests.unit.test_llm_client.TestFakeLLM" name="test_usage_cumulative" time="0.001" /><testcase classname="tests.unit.test_logging" name="test_redact_registered_secret_exact_value" time="0.003" /><testcase classname="tests.unit.test_logging" name="test_redact_key_prefix_matches_before_registration" time="0.001" /><testcase classname="tests.unit.test_logging" name="test_redact_sensitive_field" time="0.001" /><testcase classname="tests.unit.test_logging" name="test_redact_phone_keeps_last_two_digits" time="0.001" /><testcase classname="tests.unit.test_logging" name="test_redact_ignores_short_or_empty" time="0.001" /><testcase classname="tests.unit.test_logging" name="test_json_lines_formatter_redacts" time="0.001" /><testcase classname="tests.unit.test_logging" name="test_configure_logging_writes_redacted_jsonl" time="0.012" /><testcase classname="tests.unit.test_logging" name="test_configure_logging_is_idempotent" time="0.003" /><testcase classname="tests.unit.test_package" name="test_version_is_string" time="0.001" /><testcase classname="tests.unit.test_package" name="test_version_installed_distribution" time="0.013" /><testcase classname="tests.unit.test_package" name="test_module_imports_on_any_os[jarvis]" time="0.001" /><testcase classname="tests.unit.test_package" name="test_module_imports_on_any_os[jarvis.config]" time="0.001" /><testcase classname="tests.unit.test_package" name="test_module_imports_on_any_os[jarvis.secrets]" time="0.001" /><testcase classname="tests.unit.test_package" name="test_module_imports_on_any_os[jarvis.logging_setup]" time="0.001" /><testcase classname="tests.unit.test_package" name="test_module_imports_on_any_os[jarvis.platform_guard]" time="0.001" /><testcase classname="tests.unit.test_package" name="test_module_imports_on_any_os[jarvis.llm.client]" time="0.002" /><testcase classname="tests.unit.test_package" name="test_module_imports_on_any_os[jarvis.llm.prompts]" time="0.001" /><testcase classname="tests.unit.test_package" name="test_module_imports_on_any_os[jarvis.agent.state]" time="0.001" /><testcase classname="tests.unit.test_package" name="test_module_imports_on_any_os[jarvis.agent.graph]" time="0.001" /><testcase classname="tests.unit.test_package" name="test_module_imports_on_any_os[jarvis.agent.runner]" time="0.001" /><testcase classname="tests.unit.test_package" name="test_module_imports_on_any_os[jarvis.policy.tiers]" time="0.001" /><testcase classname="tests.unit.test_package" name="test_module_imports_on_any_os[jarvis.policy.engine]" time="0.001" /><testcase classname="tests.unit.test_package" name="test_module_imports_on_any_os[jarvis.policy.paths]" time="0.001" /><testcase classname="tests.unit.test_package" name="test_module_imports_on_any_os[jarvis.policy.unlock]" time="0.001" /><testcase classname="tests.unit.test_package" name="test_module_imports_on_any_os[jarvis.tools.base]" time="0.001" /><testcase classname="tests.unit.test_package" name="test_module_imports_on_any_os[jarvis.tools.registry]" time="0.002" /><testcase classname="tests.unit.test_package" name="test_module_imports_on_any_os[jarvis.tools.apps]" time="0.001" /><testcase classname="tests.unit.test_package" name="test_module_imports_on_any_os[jarvis.tools.files]" time="0.001" /><testcase classname="tests.unit.test_package" name="test_module_imports_on_any_os[jarvis.tools.web]" time="0.001" /><testcase classname="tests.unit.test_package" name="test_module_imports_on_any_os[jarvis.tools.keyboard]" time="0.001" /><testcase classname="tests.unit.test_package" name="test_module_imports_on_any_os[jarvis.tools.whatsapp]" time="0.001" /><testcase classname="tests.unit.test_package" name="test_module_imports_on_any_os[jarvis.tools.dictation]" time="0.001" /><testcase classname="tests.unit.test_package" name="test_module_imports_on_any_os[jarvis.tools.system]" time="0.001" /><testcase classname="tests.unit.test_package" name="test_module_imports_on_any_os[jarvis.daemon.protocol]" time="0.001" /><testcase classname="tests.unit.test_package" name="test_module_imports_on_any_os[jarvis.daemon.server]" time="0.001" /><testcase classname="tests.unit.test_package" name="test_module_imports_on_any_os[jarvis.daemon.client]" time="0.002" /><testcase classname="tests.unit.test_package" name="test_module_imports_on_any_os[jarvis.daemon.autostart]" time="0.002" /><testcase classname="tests.unit.test_package" name="test_module_imports_on_any_os[jarvis.voice.wake]" time="0.001" /><testcase classname="tests.unit.test_package" name="test_module_imports_on_any_os[jarvis.voice.stt]" time="0.001" /><testcase classname="tests.unit.test_package" name="test_module_imports_on_any_os[jarvis.voice.tts]" time="0.001" /><testcase classname="tests.unit.test_package" name="test_module_imports_on_any_os[jarvis.voice.vad]" time="0.001" /><testcase classname="tests.unit.test_package" name="test_module_imports_on_any_os[jarvis.memory.db]" time="0.003" /><testcase classname="tests.unit.test_package" name="test_module_imports_on_any_os[jarvis.memory.skills]" time="0.004" /><testcase classname="tests.unit.test_package" name="test_module_imports_on_any_os[jarvis.memory.failures]" time="0.002" /><testcase classname="tests.unit.test_package" name="test_module_imports_on_any_os[jarvis.memory.prefs]" time="0.002" /><testcase classname="tests.unit.test_package" name="test_module_imports_on_any_os[jarvis.memory.embeddings]" time="0.002" /><testcase classname="tests.unit.test_package" name="test_module_imports_on_any_os[jarvis.audit.checks]" time="0.002" /><testcase classname="tests.unit.test_package" name="test_module_imports_on_any_os[jarvis.audit.report]" time="0.002" /><testcase classname="tests.unit.test_paths" name="test_resolve_safe_rejects_unsafe_forms[]" time="0.003" /><testcase classname="tests.unit.test_paths" name="test_resolve_safe_rejects_unsafe_forms[   ]" time="0.001" /><testcase classname="tests.unit.test_paths" name="test_resolve_safe_rejects_unsafe_forms[a\x00b]" time="0.001" /><testcase classname="tests.unit.test_paths" name="test_resolve_safe_rejects_unsafe_forms[\\\\server\\share]" time="0.001" /><testcase classname="tests.unit.test_paths" name="test_resolve_safe_rejects_unsafe_forms[\\\\.\\device]" time="0.001" /><testcase classname="tests.unit.test_paths" name="test_resolve_safe_rejects_unsafe_forms[\\\\?\\C:\\x]" time="0.001" /><testcase classname="tests.unit.test_paths" name="test_resolve_safe_rejects_device_names" time="0.002" /><testcase classname="tests.unit.test_paths" name="test_resolve_safe_rejects_alternate_data_streams_and_drive_relative" time="0.001" /><testcase classname="tests.unit.test_paths" name="test_resolve_safe_rejects_none_and_non_string" time="0.001" /><testcase classname="tests.unit.test_paths" name="test_resolve_safe_expands_home_dir" time="0.002" /><testcase classname="tests.unit.test_paths" name="test_resolve_safe_expands_env_vars" time="0.001" /><testcase classname="tests.unit.test_paths" name="test_resolve_safe_joins_cwd_and_collapses_dotdot" time="0.001" /><testcase classname="tests.unit.test_paths" name="test_resolve_safe_normal_path_is_untouched" time="0.003" /><testcase classname="tests.unit.test_paths" name="test_normalise_key_is_case_insensitive_on_windows" time="0.001" /><testcase classname="tests.unit.test_paths" name="test_within_any_root_respects_path_boundaries" time="0.004" /><testcase classname="tests.unit.test_paths" name="test_covers_any_root_means_root_or_ancestor" time="0.004" /><testcase classname="tests.unit.test_paths" name="test_is_protected_exact_root_and_ancestors" time="0.004" /><testcase classname="tests.unit.test_paths" name="test_is_protected_container_enclosure" time="0.005" /><testcase classname="tests.unit.test_paths" name="test_is_protected_wildcard_region" time="0.011" /><testcase classname="tests.unit.test_paths" name="test_is_protected_drive_root_is_always_protected" time="0.003" /><testcase classname="tests.unit.test_paths" name="test_real_os_protected_dirs_are_rejected" time="0.015" /><testcase classname="tests.unit.test_paths" name="test_allowed_roots_that_live_under_home_are_not_protected" time="0.010" /><testcase classname="tests.unit.test_paths" name="test_resolve_safe_hypothesis_never_raises_and_is_absolute" time="0.219" /><testcase classname="tests.unit.test_paths" name="test_normalise_key_is_total_and_idempotent" time="0.072" /><testcase classname="tests.unit.test_paths" name="test_dotted_device_name_variants_stay_ordinary_filenames" time="0.002" /><testcase classname="tests.unit.test_platform_guard" name="test_is_windows_matches_runtime" time="0.001" /><testcase classname="tests.unit.test_platform_guard" name="test_python_supported[version0-True]" time="0.001" /><testcase classname="tests.unit.test_platform_guard" name="test_python_supported[version1-True]" time="0.001" /><testcase classname="tests.unit.test_platform_guard" name="test_python_supported[version2-False]" time="0.001" /><testcase classname="tests.unit.test_platform_guard" name="test_python_supported[version3-False]" time="0.001" /><testcase classname="tests.unit.test_platform_guard" name="test_is_64bit_on_current_interpreters" time="0.001" /><testcase classname="tests.unit.test_platform_guard" name="test_require_windows_raises_off_windows" time="0.001" /><testcase classname="tests.unit.test_platform_guard" name="test_windows_only_decorator" time="0.001" /><testcase classname="tests.unit.test_platform_guard" name="test_lazy_import_loads_on_demand" time="0.001" /><testcase classname="tests.unit.test_platform_guard" name="test_lazy_import_same_object_after_load" time="0.001" /><testcase classname="tests.unit.test_policy_file_rules" name="test_delete_file_is_tier2_unlock_without_typed_confirmation" time="0.055" /><testcase classname="tests.unit.test_policy_file_rules" name="test_delete_folder_requires_typed_folder_name" time="0.014" /><testcase classname="tests.unit.test_policy_file_rules" name="test_delete_of_two_folders_joins_sorted_names" time="0.016" /><testcase classname="tests.unit.test_policy_file_rules" name="test_typed_confirmation_disabled_via_settings_falls_back_to_plain" time="0.010" /><testcase classname="tests.unit.test_policy_file_rules" name="test_delete_many_files_records_every_resolved_path" time="0.017" /><testcase classname="tests.unit.test_policy_file_rules" name="test_delete_of_an_allowed_root_itself_is_refused" time="0.007" /><testcase classname="tests.unit.test_policy_file_rules" name="test_delete_of_an_ancestor_of_an_allowed_root_is_refused" time="0.014" /><testcase classname="tests.unit.test_policy_file_rules" name="test_delete_outside_allowed_roots_is_refused" time="0.011" /><testcase classname="tests.unit.test_policy_file_rules" name="test_delete_of_protected_windows_path_is_refused" time="0.010" /><testcase classname="tests.unit.test_policy_file_rules" name="test_bad_path_string_is_refused_before_any_tier" time="0.005" /><testcase classname="tests.unit.test_policy_file_rules" name="test_empty_delete_list_is_invalid_arguments" time="0.006" /><testcase classname="tests.unit.test_policy_file_rules" name="test_create_file_overwrite_keeps_tier1_and_warns" time="0.009" /><testcase classname="tests.unit.test_policy_file_rules" name="test_create_file_inside_root_is_tier1" time="0.014" /><testcase classname="tests.unit.test_policy_file_rules" name="test_read_only_tools_are_tier0" time="0.015" /><testcase classname="tests.unit.test_policy_file_rules" name="test_lock_jarvis_is_tier0_and_harmless" time="0.005" /><testcase classname="tests.unit.test_policy_file_rules" name="test_undo_last_delete_is_tier1" time="0.006" /><testcase classname="tests.unit.test_policy_file_rules" name="test_unsanctioned_delete_names_are_still_hard_blocked" time="0.006" /><testcase classname="tests.unit.test_policy_file_rules" name="test_sanctioned_delete_tools_are_never_name_blocked" time="0.011" /><testcase classname="tests.unit.test_secrets" name="test_set_get_delete_roundtrip" time="0.002" /><testcase classname="tests.unit.test_secrets" name="test_delete_missing_is_noop" time="0.001" /><testcase classname="tests.unit.test_secrets" name="test_get_missing_returns_none" time="0.001" /><testcase classname="tests.unit.test_secrets" name="test_backend_failure_raises_secret_store_error" time="0.003" /><testcase classname="tests.unit.test_secrets" name="test_backend_failure_on_write_raises" time="0.003" /><testcase classname="tests.unit.test_secrets" name="test_check_store_access_reports_backend" time="0.002" /><testcase classname="tests.unit.test_secrets" name="test_check_store_access_none_on_failure" time="0.001" /><testcase classname="tests.unit.test_secrets" name="test_secret_names_and_redactables_align" time="0.001" /><testcase classname="tests.unit.test_serializer" name="test_strict_msgpack_is_on_in_the_test_env" time="0.001" /><testcase classname="tests.unit.test_serializer" name="test_build_secure_serde_is_explicit_not_permissive" time="0.001" /><testcase classname="tests.unit.test_serializer" name="test_checkpointer_uses_the_secure_serde" time="0.004" /><testcase classname="tests.unit.test_serializer" name="test_serde_roundtrips_allowlisted_state_models" time="0.003" /><testcase classname="tests.unit.test_serializer" name="test_serde_refuses_unregistered_types_as_plain_data" time="0.002" /><testcase classname="tests.unit.test_serializer" name="test_allowlisted_flows_emit_no_serde_warnings" time="0.001" /><testcase classname="tests.unit.test_serializer" name="test_unregistered_type_is_warned_once" time="0.002" /><testcase classname="tests.unit.test_tools_dictation.TestToolRegistration" name="test_new_tools_in_registry" time="0.001" /><testcase classname="tests.unit.test_tools_dictation.TestToolRegistration" name="test_type_text_spec_properties" time="0.001" /><testcase classname="tests.unit.test_tools_dictation.TestToolRegistration" name="test_start_dictation_spec_properties" time="0.001" /><testcase classname="tests.unit.test_tools_dictation.TestToolRegistration" name="test_stop_dictation_spec_properties" time="0.001" /><testcase classname="tests.unit.test_tools_dictation.TestToolRegistration" name="test_save_dictation_spec_properties" time="0.002" /><testcase classname="tests.unit.test_tools_dictation.TestDictationArgs" name="test_start_dictation_defaults" time="0.001" /><testcase classname="tests.unit.test_tools_dictation.TestDictationArgs" name="test_start_dictation_custom_app" time="0.001" /><testcase classname="tests.unit.test_tools_dictation.TestDictationArgs" name="test_stop_dictation_args" time="0.001" /><testcase classname="tests.unit.test_tools_dictation.TestDictationArgs" name="test_save_dictation_requires_path" time="0.001" /><testcase classname="tests.unit.test_tools_dictation.TestDictationArgs" name="test_type_text_min_length" time="0.001" /><testcase classname="tests.unit.test_tools_dictation.TestDictationArgs" name="test_type_text_max_length" time="0.002" /><testcase classname="tests.unit.test_tools_dictation.TestDictationArgs" name="test_type_text_valid" time="0.001" /><testcase classname="tests.unit.test_tools_dictation.TestDictationDryRun" name="test_start_dictation_dry_run" time="0.001" /><testcase classname="tests.unit.test_tools_dictation.TestDictationDryRun" name="test_stop_dictation_dry_run" time="0.005" /><testcase classname="tests.unit.test_tools_dictation.TestDictationDryRun" name="test_type_text_dry_run" time="0.002" /><testcase classname="tests.unit.test_tools_dictation.TestDictationErrors" name="test_type_text_rejects_unknown_app" time="0.003" /><testcase classname="tests.unit.test_tools_dictation.TestDictationErrors" name="test_start_dictation_rejects_unknown_app" time="0.002" /><testcase classname="tests.unit.test_tools_dictation.TestDictationDescribe" name="test_start_dictation_describe" time="0.001" /><testcase classname="tests.unit.test_tools_dictation.TestDictationDescribe" name="test_stop_dictation_describe" time="0.001" /><testcase classname="tests.unit.test_tools_dictation.TestDictationDescribe" name="test_type_text_describe" time="0.003" /><testcase classname="tests.unit.test_tools_dictation.TestDictationSavePathPolicy" name="test_save_writes_to_resolved_path_inside_roots" time="0.007" /><testcase classname="tests.unit.test_tools_dictation.TestDictationSavePathPolicy" name="test_save_outside_roots_rejected_before_gui" time="0.006" /><testcase classname="tests.unit.test_tools_dictation.TestDictationSavePathPolicy" name="test_save_escape_via_symlink_rejected" time="0.004"><skipped type="pytest.skip" message="cannot create symlinks on this platform">C:\Users\aarya\OneDrive\Desktop\Jarvis\tests\unit\test_tools_dictation.py:222: cannot create symlinks on this platform</skipped></testcase><testcase classname="tests.unit.test_tools_dictation.TestDictationVoiceBridge" name="test_start_honest_when_no_voice_loop" time="0.002" /><testcase classname="tests.unit.test_tools_dictation.TestDictationVoiceBridge" name="test_start_wires_active_loop" time="0.002" /><testcase classname="tests.unit.test_tools_dictation.TestDictationVoiceBridge" name="test_stop_honest_when_no_voice_loop" time="0.002" /><testcase classname="tests.unit.test_tools_dictation.TestDictationVoiceBridge" name="test_stop_wires_active_loop" time="0.004" /><testcase classname="tests.unit.test_tools_type_text.TestTypeTextArgs" name="test_valid_args" time="0.001" /><testcase classname="tests.unit.test_tools_type_text.TestTypeTextArgs" name="test_empty_text_rejected" time="0.001" /><testcase classname="tests.unit.test_tools_type_text.TestTypeTextArgs" name="test_text_max_length" time="0.001" /><testcase classname="tests.unit.test_tools_type_text.TestTypeTextArgs" name="test_text_too_long" time="0.001" /><testcase classname="tests.unit.test_tools_type_text.TestTypeTextArgs" name="test_empty_target_app_rejected" time="0.001" /><testcase classname="tests.unit.test_tools_type_text.TestTypeTextSpec" name="test_properties" time="0.001" /><testcase classname="tests.unit.test_tools_type_text.TestTypeTextSpec" name="test_describe" time="0.001" /><testcase classname="tests.unit.test_tools_type_text.TestTypeTextSpec" name="test_dry_run" time="0.002" /><testcase classname="tests.unit.test_tools_type_text.TestTypeTextAllowlist" name="test_rejects_unknown_app" time="0.004" /><testcase classname="tests.unit.test_tools_type_text.TestTypeTextAllowlist" name="test_accepts_known_app" time="0.808" /><testcase classname="tests.unit.test_tools_type_text.TestNoGenericKeyboardTools" name="test_registry_has_no_press_key_tool" time="0.001" /><testcase classname="tests.unit.test_tools_type_text.TestTypeTextFocusVerification" name="test_types_after_foreground_verified" time="0.002" /><testcase classname="tests.unit.test_tools_type_text.TestTypeTextFocusVerification" name="test_foreground_mismatch_fails_closed" time="0.003" /><testcase classname="tests.unit.test_tools_type_text.TestTypeTextFocusVerification" name="test_unreadable_foreground_fails_closed" time="0.004" /><testcase classname="tests.unit.test_tools_type_text.TestTypeTextFocusVerification" name="test_config_added_app_accepted_by_allowlist" time="0.002" /><testcase classname="tests.unit.test_unlock" name="test_set_password_stores_only_an_argon2id_hash" time="0.062" /><testcase classname="tests.unit.test_unlock" name="test_set_password_rejects_too_short" time="0.002" /><testcase classname="tests.unit.test_unlock" name="test_verify_correct_opens_a_session_with_ttl" time="0.111" /><testcase classname="tests.unit.test_unlock" name="test_verify_wrong_password_never_unlocks" time="0.115" /><testcase classname="tests.unit.test_unlock" name="test_verify_with_no_password_stored_is_false" time="0.002" /><testcase classname="tests.unit.test_unlock" name="test_lock_invalidates_an_unlocked_session" time="0.111" /><testcase classname="tests.unit.test_unlock" name="test_clock_going_backwards_does_not_extend_session" time="0.109" /><testcase classname="tests.unit.test_unlock" name="test_lockout_doubles_and_caps_in_seconds" time="0.579" /><testcase classname="tests.unit.test_unlock" name="test_lockout_clears_after_backoff_window" time="0.209" /><testcase classname="tests.unit.test_unlock" name="test_successful_verify_resets_the_backoff_escalation" time="0.320" /><testcase classname="tests.unit.test_unlock" name="test_credential_store_failure_means_not_unlocked" time="0.107" /><testcase classname="tests.unit.test_unlock" name="test_stale_hash_is_rehashed_on_successful_verify" time="0.112" /><testcase classname="tests.unit.test_unlock" name="test_password_must_never_appear_in_logs" time="0.159" /><testcase classname="tests.unit.test_untrusted.TestArgsOverlapTaint" name="test_overlap_detected" time="0.001" /><testcase classname="tests.unit.test_untrusted.TestArgsOverlapTaint" name="test_no_overlap" time="0.001" /><testcase classname="tests.unit.test_untrusted.TestArgsOverlapTaint" name="test_short_fragment_ignored" time="0.001" /><testcase classname="tests.unit.test_untrusted.TestArgsOverlapTaint" name="test_empty_fragments" time="0.001" /><testcase classname="tests.unit.test_untrusted.TestArgsOverlapTaint" name="test_list_arg_values" time="0.001" /><testcase classname="tests.unit.test_untrusted.TestArgsOverlapTaint" name="test_pydantic_model_args" time="0.001" /><testcase classname="tests.unit.test_untrusted.TestEngineTaintEscalation" name="test_taint_detected_by_engine" time="0.012" /><testcase classname="tests.unit.test_untrusted.TestEngineTaintEscalation" name="test_llm_omission_cannot_clear_taint" time="0.010" /><testcase classname="tests.unit.test_untrusted.TestEngineTaintEscalation" name="test_clean_step_no_false_positive" time="0.008" /><testcase classname="tests.unit.test_untrusted.TestEngineTaintEscalation" name="test_no_tainted_fragments_clean_context" time="0.011" /><testcase classname="tests.unit.test_untrusted.TestTaintMonotonic" name="test_taint_on_tier2_stays_tier2" time="0.012" /><testcase classname="tests.unit.test_untrusted.TestTaintMonotonic" name="test_taint_on_tier1_stays_tier1" time="0.008" /><testcase classname="tests.unit.test_untrusted.TestTaintCannotBypassConfirm" name="test_tainted_tier1_needs_confirm" time="0.011" /><testcase classname="tests.unit.test_untrusted.TestTaintCannotBypassConfirm" name="test_tainted_tier2_needs_unlock" time="0.011" /><testcase classname="tests.unit.test_untrusted.TestConfirmationPayload" name="test_untrusted_flag_in_payload" time="0.001" /><testcase classname="tests.unit.test_untrusted.TestConfirmationPayload" name="test_clean_flag_in_payload" time="0.001" /><testcase classname="tests.unit.test_untrusted.TestDecisionWarnUntrusted" name="test_default_false" time="0.001" /><testcase classname="tests.unit.test_untrusted.TestDecisionWarnUntrusted" name="test_explicit_true" time="0.001" /><testcase classname="tests.unit.test_voice_audio_input.TestOpen" name="test_open_uses_real_sd_kwarg_names" time="0.203" /><testcase classname="tests.unit.test_voice_audio_input.TestOpen" name="test_open_no_args_keeps_constructor_format" time="0.002" /><testcase classname="tests.unit.test_voice_audio_input.TestOpen" name="test_open_accepts_protocol_params" time="0.002" /><testcase classname="tests.unit.test_voice_audio_input.TestOpen" name="test_open_is_idempotent" time="0.002" /><testcase classname="tests.unit.test_voice_audio_input.TestOpen" name="test_open_resolves_device_and_passes_int_id" time="0.002" /><testcase classname="tests.unit.test_voice_audio_input.TestOpen" name="test_open_failure_raises_sanitized_error" time="0.001" /><testcase classname="tests.unit.test_voice_audio_input.TestOpen" name="test_open_clears_stale_audio" time="0.069" /><testcase classname="tests.unit.test_voice_audio_input.TestRead" name="test_callback_to_read_scales_int16" time="0.003" /><testcase classname="tests.unit.test_voice_audio_input.TestRead" name="test_read_returns_exact_n_and_keeps_surplus" time="0.004" /><testcase classname="tests.unit.test_voice_audio_input.TestRead" name="test_read_outputs_different_sizes_from_same_block" time="0.005" /><testcase classname="tests.unit.test_voice_audio_input.TestRead" name="test_read_stalls_and_returns_partial" time="0.060" /><testcase classname="tests.unit.test_voice_audio_input.TestRead" name="test_read_returns_full_window_while_stream_keeps_delivering" time="0.106" /><testcase classname="tests.unit.test_voice_audio_input.TestRead" name="test_read_full_window_does_not_refresh_stall_when_no_data_comes" time="0.064" /><testcase classname="tests.unit.test_voice_audio_input.TestQueueDiscipline" name="test_drop_oldest_when_queue_full" time="0.008" /><testcase classname="tests.unit.test_voice_audio_input.TestQueueDiscipline" name="test_callback_cannot_crash_on_broken_indata" time="0.002" /><testcase classname="tests.unit.test_voice_audio_input.TestQueueDiscipline" name="test_status_warning_rate_limited" time="0.004" /><testcase classname="tests.unit.test_voice_audio_input.TestFlushClose" name="test_flush_clears_queue_surplus_and_drop_counter" time="0.061" /><testcase classname="tests.unit.test_voice_audio_input.TestFlushClose" name="test_close_is_idempotent" time="0.003" /><testcase classname="tests.unit.test_voice_audio_input.TestFlushClose" name="test_close_unblocks_a_blocked_read_in_another_thread" time="0.121" /><testcase classname="tests.unit.test_voice_audio_input.TestDeviceResolution" name="test_int_out_of_range" time="0.002" /><testcase classname="tests.unit.test_voice_audio_input.TestDeviceResolution" name="test_int_not_a_microphone" time="0.002" /><testcase classname="tests.unit.test_voice_audio_input.TestDeviceResolution" name="test_name_matches_nothing" time="0.002" /><testcase classname="tests.unit.test_voice_audio_input.TestDeviceResolution" name="test_name_prefers_input_capable_default_hostapi" time="0.001" /><testcase classname="tests.unit.test_voice_audio_input.TestDeviceResolution" name="test_name_falls_back_to_first_input_capable_match" time="0.002" /><testcase classname="tests.unit.test_voice_audio_input.TestStreamKwargsHelper" name="test_uses_the_real_sd_parameter_names" time="0.001" /><testcase classname="tests.unit.test_voice_cli.TestVoiceService" name="test_start_without_deps_identifies_missing_library" time="0.001" /><testcase classname="tests.unit.test_voice_cli.TestVoiceService" name="test_start_stop_lifecycle" time="0.160" /><testcase classname="tests.unit.test_voice_cli.TestVoiceService" name="test_start_is_idempotent" time="0.147" /><testcase classname="tests.unit.test_voice_cli.TestVoiceService" name="test_stop_when_not_active" time="0.001" /><testcase classname="tests.unit.test_voice_cli.TestVoiceStateMachine" name="test_states_off_on_after_start_then_stop" time="0.224" /><testcase classname="tests.unit.test_voice_cli.TestVoiceStateMachine" name="test_missing_component_codes_each_identified" time="0.001" /><testcase classname="tests.unit.test_voice_cli.TestVoiceStateMachine" name="test_mic_open_failure_is_synchronous_error" time="0.003" /><testcase classname="tests.unit.test_voice_cli.TestVoiceStateMachine" name="test_retry_after_error_starts" time="0.156" /><testcase classname="tests.unit.test_voice_cli.TestVoiceStateMachine" name="test_loop_crash_moves_state_to_error" time="0.027" /><testcase classname="tests.unit.test_voice_cli.TestVoiceStateMachine" name="test_clean_idle_exit_moves_state_to_off" time="0.084" /><testcase classname="tests.unit.test_voice_cli.TestVoiceConfig" name="test_voice_settings_defaults" time="0.001" /><testcase classname="tests.unit.test_voice_cli.TestVoiceConfig" name="test_voice_settings_override" time="0.001" /><testcase classname="tests.unit.test_voice_contracts.TestRealClassesConform" name="test_protocol_methods_exist_and_accept_protocol_params[SoundDeviceAudioInput-AudioInput]" time="0.001" /><testcase classname="tests.unit.test_voice_contracts.TestRealClassesConform" name="test_protocol_methods_exist_and_accept_protocol_params[OpenWakeWordDetector-WakeWordDetector]" time="0.001" /><testcase classname="tests.unit.test_voice_contracts.TestRealClassesConform" name="test_protocol_methods_exist_and_accept_protocol_params[FasterWhisperSTT-SpeechToText]" time="0.002" /><testcase classname="tests.unit.test_voice_contracts.TestRealClassesConform" name="test_protocol_methods_exist_and_accept_protocol_params[PiperTTSEngine-TextToSpeech]" time="0.002" /><testcase classname="tests.unit.test_voice_contracts.TestRealClassesConform" name="test_protocol_methods_exist_and_accept_protocol_params[SapiTTSEngine-TextToSpeech]" time="0.001" /><testcase classname="tests.unit.test_voice_contracts.TestRealClassesConform" name="test_protocol_methods_exist_and_accept_protocol_params[WindowFocusChecker-WindowFocusChecker]" time="0.001" /><testcase classname="tests.unit.test_voice_contracts.TestRealClassesConform" name="test_runtime_isinstance_check[SoundDeviceAudioInput-AudioInput]" time="0.001" /><testcase classname="tests.unit.test_voice_contracts.TestRealClassesConform" name="test_runtime_isinstance_check[OpenWakeWordDetector-WakeWordDetector]" time="0.001" /><testcase classname="tests.unit.test_voice_contracts.TestRealClassesConform" name="test_runtime_isinstance_check[FasterWhisperSTT-SpeechToText]" time="0.001" /><testcase classname="tests.unit.test_voice_contracts.TestRealClassesConform" name="test_runtime_isinstance_check[PiperTTSEngine-TextToSpeech]" time="0.003" /><testcase classname="tests.unit.test_voice_contracts.TestRealClassesConform" name="test_runtime_isinstance_check[SapiTTSEngine-TextToSpeech]" time="0.001" /><testcase classname="tests.unit.test_voice_contracts.TestRealClassesConform" name="test_runtime_isinstance_check[WindowFocusChecker-WindowFocusChecker]" time="0.001" /><testcase classname="tests.unit.test_voice_contracts.TestRecordedVADGap" name="test_vad_methods_exist_but_listen_for_speech_lacks_read_chunk" time="0.001" /><testcase classname="tests.unit.test_voice_contracts.TestRecordedVADGap" name="test_vad_passes_runtime_structure_check_only" time="0.001" /><testcase classname="tests.unit.test_voice_contracts.TestFakeStrictness" name="test_fake_audio_open_rejects_unknown_kwargs" time="0.001" /><testcase classname="tests.unit.test_voice_doctor" name="test_all_backends_missing_reports_failures" time="0.001" /><testcase classname="tests.unit.test_voice_doctor" name="test_full_pass_path" time="0.014" /><testcase classname="tests.unit.test_voice_doctor" name="test_mic_open_failure" time="0.002" /><testcase classname="tests.unit.test_voice_doctor" name="test_mic_returns_no_audio" time="0.002" /><testcase classname="tests.unit.test_voice_doctor" name="test_wake_detection_failure" time="0.002" /><testcase classname="tests.unit.test_voice_doctor" name="test_stt_failure" time="0.002" /><testcase classname="tests.unit.test_voice_doctor" name="test_voice_disabled_is_a_warning" time="0.001" /><testcase classname="tests.unit.test_voice_doctor" name="test_probes_can_be_skipped" time="0.002" /><testcase classname="tests.unit.test_voice_doctor" name="test_unset_stt_model_fails_closed" time="0.002" /><testcase classname="tests.unit.test_voice_doctor" name="test_cli_renders_table_and_fail_exit" time="0.010" /><testcase classname="tests.unit.test_voice_doctor" name="test_cli_passes_when_all_green" time="0.007" /><testcase classname="tests.unit.test_voice_interfaces.TestAudioSegment" name="test_empty_segment_duration" time="0.001" /><testcase classname="tests.unit.test_voice_interfaces.TestAudioSegment" name="test_duration_calculation" time="0.001" /><testcase classname="tests.unit.test_voice_interfaces.TestAudioSegment" name="test_default_sample_rate" time="0.001" /><testcase classname="tests.unit.test_voice_interfaces.TestWakeWordResult" name="test_default_values" time="0.002" /><testcase classname="tests.unit.test_voice_interfaces.TestWakeWordResult" name="test_detected_with_confidence" time="0.001" /><testcase classname="tests.unit.test_voice_interfaces.TestSTTResult" name="test_default_values" time="0.001" /><testcase classname="tests.unit.test_voice_interfaces.TestProtocolContracts" name="test_fake_audio_is_audio_input" time="0.001" /><testcase classname="tests.unit.test_voice_interfaces.TestProtocolContracts" name="test_fake_wake_is_wake_detector" time="0.001" /><testcase classname="tests.unit.test_voice_interfaces.TestProtocolContracts" name="test_fake_stt_is_speech_to_text" time="0.001" /><testcase classname="tests.unit.test_voice_interfaces.TestProtocolContracts" name="test_fake_tts_is_text_to_speech" time="0.001" /><testcase classname="tests.unit.test_voice_interfaces.TestProtocolContracts" name="test_fake_focus_is_window_focus_checker" time="0.001" /><testcase classname="tests.unit.test_voice_interfaces.TestFakeAudioInput" name="test_open_close" time="0.001" /><testcase classname="tests.unit.test_voice_interfaces.TestFakeAudioInput" name="test_read_returns_preloaded_segments" time="0.001" /><testcase classname="tests.unit.test_voice_interfaces.TestFakeAudioInput" name="test_read_records_calls" time="0.001" /><testcase classname="tests.unit.test_voice_interfaces.TestFakeWakeWord" name="test_returns_scripted_results" time="0.003" /><testcase classname="tests.unit.test_voice_interfaces.TestFakeWakeWord" name="test_reset" time="0.001" /><testcase classname="tests.unit.test_voice_interfaces.TestFakeWakeWord" name="test_custom_detect_fn" time="0.001" /><testcase classname="tests.unit.test_voice_interfaces.TestFakeSTT" name="test_returns_scripted_results" time="0.001" /><testcase classname="tests.unit.test_voice_interfaces.TestFakeSTT" name="test_custom_transcribe_fn" time="0.001" /><testcase classname="tests.unit.test_voice_interfaces.TestFakeTTS" name="test_records_spoken_text" time="0.001" /><testcase classname="tests.unit.test_voice_interfaces.TestFakeTTS" name="test_stop" time="0.001" /><testcase classname="tests.unit.test_voice_interfaces.TestFakeFocusChecker" name="test_is_foreground_match" time="0.001" /><testcase classname="tests.unit.test_voice_interfaces.TestFakeFocusChecker" name="test_is_foreground_no_match" time="0.001" /><testcase classname="tests.unit.test_voice_interfaces.TestFakeFocusChecker" name="test_explicit_map_overrides" time="0.001" /><testcase classname="tests.unit.test_voice_interfaces.TestHelpers" name="test_make_silence" time="0.002" /><testcase classname="tests.unit.test_voice_interfaces.TestHelpers" name="test_make_speech" time="0.002" /><testcase classname="tests.unit.test_voice_loop.TestVoiceLoopLifecycle" name="test_start_and_stop" time="0.159" /><testcase classname="tests.unit.test_voice_loop.TestVoiceLoopLifecycle" name="test_stop_when_not_running" time="0.001" /><testcase classname="tests.unit.test_voice_loop.TestVoiceLoopLifecycle" name="test_start_is_idempotent" time="0.155" /><testcase classname="tests.unit.test_voice_loop.TestVoiceLoopRouting" name="test_stop_listening_command" time="0.001" /><testcase classname="tests.unit.test_voice_loop.TestVoiceLoopRouting" name="test_stop_dictation_command" time="0.002" /><testcase classname="tests.unit.test_voice_loop.TestVoiceLoopRouting" name="test_stop_dictation_when_not_dictating" time="0.001" /><testcase classname="tests.unit.test_voice_loop.TestVoiceLoopRouting" name="test_resume_dictation" time="0.001" /><testcase classname="tests.unit.test_voice_loop.TestVoiceLoopRouting" name="test_dictation_forwards_to_callback" time="0.003" /><testcase classname="tests.unit.test_voice_loop.TestVoiceLoopRouting" name="test_submit_task" time="0.003" /><testcase classname="tests.unit.test_voice_loop.TestVoiceLoopRouting" name="test_submit_task_error" time="0.004" /><testcase classname="tests.unit.test_voice_loop.TestVoiceLoopConfirmation" name="test_tier1_voice_confirmation_approve" time="0.002" /><testcase classname="tests.unit.test_voice_loop.TestVoiceLoopConfirmation" name="test_tier2_rejected_by_voice" time="0.001" /><testcase classname="tests.unit.test_voice_loop.TestVoiceLoopFocus" name="test_dictation_pause_on_focus_loss" time="0.002" /><testcase classname="tests.unit.test_voice_loop.TestVoiceLoopFocus" name="test_dictation_resume_on_focus_gain" time="0.003" /><testcase classname="tests.unit.test_voice_loop.TestVoiceLoopDeviceDisconnect" name="test_audio_close_on_loop_exit" time="0.210" /><testcase classname="tests.unit.test_voice_loop.TestVoiceLoopDeviceDisconnect" name="test_exception_in_loop_does_not_crash" time="0.006" /><testcase classname="tests.unit.test_voice_loop.TestAudioNotSentToLLM" name="test_submit_receives_text_not_audio" time="0.001" /><testcase classname="tests.unit.test_voice_loop.TestDictationFocusPause" name="test_speech_paused_when_target_not_foreground" time="0.003" /><testcase classname="tests.unit.test_voice_loop.TestDictationFocusPause" name="test_resume_still_requires_foreground" time="0.003" /><testcase classname="tests.unit.test_voice_loop.TestDictationFocusPause" name="test_forwards_only_when_target_is_foreground" time="0.003" /><testcase classname="tests.unit.test_voice_loop.TestTranscriptRedaction" name="test_info_level_has_char_count_only" time="0.085" /><testcase classname="tests.unit.test_voice_loop.TestTranscriptRedaction" name="test_debug_level_redacts_sensitive_markers" time="0.101" /><testcase classname="tests.unit.test_voice_loop.TestSessionLimits" name="test_session_duration_limit_stops_dictation" time="0.002" /><testcase classname="tests.unit.test_voice_loop.TestSessionLimits" name="test_character_limit_stops_dictation" time="0.002" /><testcase classname="tests.unit.test_voice_loop.TestSessionLimits" name="test_idle_timeout_stops_loop" time="0.016" /><testcase classname="tests.unit.test_voice_loop.TestVoiceConfirmationFailClosed" name="test_no_wake_detector_cannot_confirm" time="0.002" /><testcase classname="tests.unit.test_voice_loop.TestVoiceConfirmationFailClosed" name="test_rearm_timeout_cannot_confirm" time="0.072" /><testcase classname="tests.unit.test_voice_loop.TestVoiceConfirmationFailClosed" name="test_unrecognised_answer_is_cancelled" time="0.001" /><testcase classname="tests.unit.test_voice_loop.TestVoiceLoopStop" name="test_stop_blocks_until_thread_finished" time="0.161" /><testcase classname="tests.unit.test_voice_loop.TestVoiceLoopOnExit" name="test_open_failure_reports_mic_open_failed_and_closes_audio" time="0.003" /><testcase classname="tests.unit.test_voice_loop.TestVoiceLoopOnExit" name="test_mid_loop_crash_reports_loop_crashed" time="0.006" /><testcase classname="tests.unit.test_voice_loop.TestVoiceLoopOnExit" name="test_clean_stop_reports_none" time="0.113" /><testcase classname="tests.unit.test_voice_loop.TestVoiceLoopOnExit" name="test_idle_timeout_reports_none" time="0.028" /><testcase classname="tests.unit.test_voice_wake.TestDetectSampleFormat" name="test_predict_receives_int16_scaled_from_float_segment" time="0.005" /><testcase classname="tests.unit.test_voice_wake.TestDetectSampleFormat" name="test_float_samples_out_of_range_are_clipped" time="0.001" /><testcase classname="tests.unit.test_voice_wake.TestDetectSampleFormat" name="test_zero_silence_maps_to_zero_int16" time="0.001" /><testcase classname="tests.unit.test_voice_wake.TestThreshold" name="test_score_equal_to_threshold_detects" time="0.003" /><testcase classname="tests.unit.test_voice_wake.TestThreshold" name="test_score_below_threshold_does_not_detect" time="0.001" /><testcase classname="tests.unit.test_voice_wake.TestThreshold" name="test_unknown_model_key_scores_zero" time="0.001" /><testcase classname="tests.unit.test_voice_wake.TestReset" name="test_reset_forwards_to_model" time="0.001" /><testcase classname="tests.unit.test_voice_wake.TestCreate" name="test_create_returns_none_when_openwakeword_missing" time="0.001" /><testcase classname="tests.unit.test_voice_wake.TestCreate" name="test_create_returns_none_when_model_load_fails" time="0.005" /><testcase classname="tests.unit.test_voice_wake.TestCreate" name="test_create_builds_a_detector_and_calls_really_once" time="0.002" /><testcase classname="tests.unit.test_voice_wiring.TestCurrentWiring" name="test_built_audio_is_audio_input_and_never_a_vad" time="0.002" /><testcase classname="tests.unit.test_voice_wiring.TestCurrentWiring" name="test_voice_service_holds_no_sounddevice_vad_instance" time="0.002" /><testcase classname="tests.unit.test_voice_wiring.TestLegacyWiringRegression" name="test_legacy_audio_was_a_vad_and_violates_audio_input" time="0.048" /><testcase classname="tests.unit.test_web_answer.TestWebAnswerSpec" name="test_spec_registered_correctly" time="0.001" /><testcase classname="tests.unit.test_web_answer.TestWebAnswerSpec" name="test_args_validation" time="0.001" /><testcase classname="tests.unit.test_web_answer.TestWebAnswerSpec" name="test_args_rejects_empty" time="0.001" /><testcase classname="tests.unit.test_web_answer.TestWebAnswerSpec" name="test_args_rejects_long" time="0.001" /><testcase classname="tests.unit.test_web_answer.TestCitationVerification" name="test_valid_citations" time="0.001" /><testcase classname="tests.unit.test_web_answer.TestCitationVerification" name="test_fabricated_citation_rejected" time="0.001" /><testcase classname="tests.unit.test_web_answer.TestCitationVerification" name="test_no_citations_unverified" time="0.001" /><testcase classname="tests.unit.test_web_answer.TestCitationVerification" name="test_out_of_range_citation_rejected" time="0.001" /><testcase classname="tests.unit.test_web_answer.TestCitationVerification" name="test_single_citation" time="0.001" /><testcase classname="tests.unit.test_web_answer.TestResultFormatting" name="test_format_results" time="0.001" /><testcase classname="tests.unit.test_web_answer.TestResultFormatting" name="test_format_empty_results" time="0.001" /><testcase classname="tests.unit.test_web_answer.TestWebAnswerHappyPath" name="test_happy_path_with_citations" time="0.002" /><testcase classname="tests.unit.test_web_answer.TestWebAnswerHappyPath" name="test_happy_path_verify_citations" time="0.003" /><testcase classname="tests.unit.test_web_answer.TestWebAnswerHappyPath" name="test_fabricated_citation_unverified" time="0.004" /><testcase classname="tests.unit.test_web_answer.TestWebAnswerErrors" name="test_no_results" time="0.004" /><testcase classname="tests.unit.test_web_answer.TestWebAnswerErrors" name="test_no_llm" time="0.002" /><testcase classname="tests.unit.test_web_answer.TestWebAnswerErrors" name="test_search_failure" time="0.003" /><testcase classname="tests.unit.test_web_answer.TestWebAnswerErrors" name="test_llm_failure" time="0.003" /><testcase classname="tests.unit.test_web_answer.TestWebAnswerDryRun" name="test_dry_run" time="0.004" /><testcase classname="tests.unit.test_web_answer.TestWebAnswerTaint" name="test_output_always_tainted" time="0.002" /><testcase classname="tests.unit.test_web_answer.TestWebAnswerTaint" name="test_injection_in_results_stays_data" time="0.065" /><testcase classname="tests.unit.test_web_answer.TestWebAnswerDescribe" name="test_describe" time="0.001" /><testcase classname="tests.unit.test_whatsapp.TestNormalizeNumber" name="test_plain_digits" time="0.001" /><testcase classname="tests.unit.test_whatsapp.TestNormalizeNumber" name="test_leading_plus_stripped" time="0.001" /><testcase classname="tests.unit.test_whatsapp.TestNormalizeNumber" name="test_separators_stripped" time="0.001" /><testcase classname="tests.unit.test_whatsapp.TestNormalizeNumber" name="test_minimum_length" time="0.001" /><testcase classname="tests.unit.test_whatsapp.TestNormalizeNumber" name="test_too_short_rejected" time="0.001" /><testcase classname="tests.unit.test_whatsapp.TestNormalizeNumber" name="test_too_long_rejected" time="0.001" /><testcase classname="tests.unit.test_whatsapp.TestNormalizeNumber" name="test_junk_rejected" time="0.001" /><testcase classname="tests.unit.test_whatsapp.TestNormalizeNumber" name="test_empty_rejected" time="0.003" /><testcase classname="tests.unit.test_whatsapp.TestMaskedNumber" name="test_last_two_digits_only" time="0.001" /><testcase classname="tests.unit.test_whatsapp.TestMaskedNumber" name="test_short_number" time="0.001" /><testcase classname="tests.unit.test_whatsapp.TestContactStore" name="test_add_and_reload" time="0.014" /><testcase classname="tests.unit.test_whatsapp.TestContactStore" name="test_duplicate_name_rejected" time="0.010" /><testcase classname="tests.unit.test_whatsapp.TestContactStore" name="test_duplicate_number_rejected" time="0.006" /><testcase classname="tests.unit.test_whatsapp.TestContactStore" name="test_remove_unknown_raises" time="0.003" /><testcase classname="tests.unit.test_whatsapp.TestContactStore" name="test_remove_and_reload" time="0.010" /><testcase classname="tests.unit.test_whatsapp.TestContactStore" name="test_resolve_exact_then_substring" time="0.013" /><testcase classname="tests.unit.test_whatsapp.TestContactStore" name="test_corrupt_file_treated_as_empty" time="0.011" /><testcase classname="tests.unit.test_whatsapp.TestRateLimiter" name="test_hourly_cap" time="0.006" /><testcase classname="tests.unit.test_whatsapp.TestRateLimiter" name="test_min_interval" time="0.004" /><testcase classname="tests.unit.test_whatsapp.TestRateLimiter" name="test_persists_across_instances" time="0.012" /><testcase classname="tests.unit.test_whatsapp.TestWhatsAppSend" name="test_send_happy_path" time="0.008" /><testcase classname="tests.unit.test_whatsapp.TestWhatsAppSend" name="test_unknown_contact_refused" time="0.010" /><testcase classname="tests.unit.test_whatsapp.TestWhatsAppSend" name="test_ambiguous_contact_lists_options" time="0.025" /><testcase classname="tests.unit.test_whatsapp.TestWhatsAppSend" name="test_message_over_1000_chars_rejected" time="0.005" /><testcase classname="tests.unit.test_whatsapp.TestWhatsAppSend" name="test_rate_limit_refuses_before_open" time="0.008" /><testcase classname="tests.unit.test_whatsapp.TestWhatsAppSend" name="test_unverifiable_window_fails_closed" time="0.009" /><testcase classname="tests.unit.test_whatsapp.TestWhatsAppSend" name="test_unverifiable_header_fails_closed" time="0.008" /><testcase classname="tests.unit.test_whatsapp.TestWhatsAppSend" name="test_header_mismatch_never_presses_enter" time="0.008" /><testcase classname="tests.unit.test_whatsapp.TestWhatsAppSend" name="test_draft_mismatch_never_presses_enter" time="0.007" /><testcase classname="tests.unit.test_whatsapp.TestWhatsAppSend" name="test_non_windows_refused" time="0.005" /><testcase classname="tests.unit.test_whatsapp.TestWhatsAppSend" name="test_describe_masks_number_and_shows_message" time="0.006" /><testcase classname="tests.unit.test_whatsapp.TestWhatsAppSend" name="test_unreadable_draft_allows_send" time="0.010" /><testcase classname="tests.unit.test_whatsapp.TestWiring" name="test_registered_in_default_registry" time="0.001" /><testcase classname="tests.unit.test_whatsapp.TestWiring" name="test_spec_validation" time="0.001" /><testcase classname="tests.unit.test_whatsapp.TestWiring" name="test_config_defaults" time="0.003" /><testcase classname="tests.integration.test_confirmation_resume" name="test_approve_runs_verifies_and_reports" time="0.044" /><testcase classname="tests.integration.test_confirmation_resume" name="test_deny_never_executes" time="0.038" /><testcase classname="tests.integration.test_confirmation_resume" name="test_tampered_hash_never_executes" time="0.037" /><testcase classname="tests.integration.test_confirmation_resume" name="test_modify_plan_after_approval_never_executes" time="0.044" /><testcase classname="tests.integration.test_confirmation_resume" name="test_unknown_tool_plan_is_rejected_end_to_end" time="0.029" /><testcase classname="tests.integration.test_confirmation_resume" name="test_tier3_hard_block_reaches_respond_end_to_end" time="0.031" /><testcase classname="tests.integration.test_confirmation_resume" name="test_tier0_step_skips_confirmation_and_is_verified" time="0.039" /><testcase classname="tests.integration.test_confirmation_resume" name="test_verification_failure_is_reported_honestly_end_to_end" time="0.044" /><testcase classname="tests.integration.test_confirmation_resume" name="test_simulated_daemon_restart_resume" time="0.048" /><testcase classname="tests.integration.test_confirmation_resume" name="test_no_blocked_serde_warnings_across_full_flow" time="0.044" /><testcase classname="tests.integration.test_env" name="test_env_overrides_flow_into_settings_without_file" time="0.005" /><testcase classname="tests.integration.test_env" name="test_full_init_flow_then_reload" time="0.009" /><testcase classname="tests.integration.test_ipc_auth.TestIPCAuth" name="test_correct_token_grants_access" time="0.572" /><testcase classname="tests.integration.test_ipc_auth.TestIPCAuth" name="test_wrong_token_rejected" time="1.076" /><testcase classname="tests.integration.test_ipc_auth.TestIPCAuth" name="test_missing_auth_rejected" time="0.564" /><testcase classname="tests.integration.test_ipc_auth.TestIPCAuth" name="test_authenticated_can_get_status" time="0.575" /><testcase classname="tests.integration.test_ipc_auth.TestIPCAuthNoDaemon" name="test_client_raises_when_daemon_not_running" time="2.036" /><testcase classname="tests.integration.test_tier2_file_flow" name="test_e2e_delete_needs_unlock_then_undo_restores" time="0.406" /><testcase classname="tests.integration.test_tier2_file_flow" name="test_e2e_folder_delete_needs_typed_confirmation" time="0.191" /><testcase classname="tests.integration.test_tier2_file_flow" name="test_e2e_folder_delete_wrong_typed_name_is_refused" time="0.148" /><testcase classname="tests.integration.test_tier2_file_flow" name="test_e2e_locking_after_interrupt_invalidates_approval" time="0.146" /><testcase classname="tests.integration.test_tier2_file_flow" name="test_e2e_path_swapped_for_junction_after_confirmation_is_refused" time="0.166" /><testcase classname="tests.integration.test_tier2_file_flow" name="test_e2e_delete_protected_path_blocks_before_confirmation" time="0.086" /><testcase classname="tests.integration.test_toctou_state" name="test_toctou_unchanged_path_passes" time="0.159" /><testcase classname="tests.integration.test_toctou_state" name="test_toctou_file_to_junction_dir_refused" time="0.177" /><testcase classname="tests.integration.test_toctou_state" name="test_toctou_file_removed_before_resume_reported_honestly" time="0.188" /><testcase classname="tests.integration.test_toctou_state" name="test_toctou_checkpoint_preserves_original_paths" time="0.099" /><testcase classname="tests.integration.test_toctou_state" name="test_toctou_tampered_answer_paths_cannot_bypass" time="0.174" /><testcase classname="tests.integration.test_toctou_state" name="test_toctou_tampered_answer_paths_on_changed_fs_refused" time="0.180" /></testsuite></testsuites>