<?xml version="1.0" encoding="utf-8"?><testsuites name="pytest tests"><testsuite name="pytest" errors="0" failures="0" skipped="0" tests="304" time="28.248" timestamp="2026-09-19T17:27:50.191879+05:30" hostname="Aarya"><properties><property name="hypothesis-statistics-tests/unit/test_paths.py::test_resolve_safe_hypothesis_never_raises_and_is_absolute" value="dGVzdHMvdW5pdC90ZXN0X3BhdGhzLnB5Ojp0ZXN0X3Jlc29sdmVfc2FmZV9oeXBvdGhlc2lzX25ldmVyX3JhaXNlc19hbmRfaXNfYWJzb2x1dGU6CgogIC0gZHVyaW5nIGdlbmVyYXRlIHBoYXNlICgwLjE1IHNlY29uZHMpOgogICAgLSBUeXBpY2FsIHJ1bnRpbWVzOiB+IDAtMSBtcywgb2Ygd2hpY2ggPCAxbXMgaW4gZGF0YSBnZW5lcmF0aW9uCiAgICAtIDEwMCBwYXNzaW5nLCAwIGZhaWxpbmcsIGFuZCAyNSBpbnZhbGlkIHRlc3QgY2FzZXMKCiAgLSBTdG9wcGVkIGJlY2F1c2Ugc2V0dGluZ3MubWF4X2V4YW1wbGVzPTEwMA==" /><property name="hypothesis-statistics-tests/unit/test_paths.py::test_normalise_key_is_total_and_idempotent" value="dGVzdHMvdW5pdC90ZXN0X3BhdGhzLnB5Ojp0ZXN0X25vcm1hbGlzZV9rZXlfaXNfdG90YWxfYW5kX2lkZW1wb3RlbnQ6CgogIC0gZHVyaW5nIGdlbmVyYXRlIHBoYXNlICgwLjA0IHNlY29uZHMpOgogICAgLSBUeXBpY2FsIHJ1bnRpbWVzOiA8IDFtcywgb2Ygd2hpY2ggPCAxbXMgaW4gZGF0YSBnZW5lcmF0aW9uCiAgICAtIDEwMCBwYXNzaW5nLCAwIGZhaWxpbmcsIGFuZCAwIGludmFsaWQgdGVzdCBjYXNlcwoKICAtIFN0b3BwZWQgYmVjYXVzZSBzZXR0aW5ncy5tYXhfZXhhbXBsZXM9MTAw" /></properties><testcase classname="tests.integration.test_confirmation_resume" name="test_approve_runs_verifies_and_reports" time="0.053" /><testcase classname="tests.integration.test_confirmation_resume" name="test_deny_never_executes" time="0.038" /><testcase classname="tests.integration.test_confirmation_resume" name="test_tampered_hash_never_executes" time="0.037" /><testcase classname="tests.integration.test_confirmation_resume" name="test_modify_plan_after_approval_never_executes" time="0.038" /><testcase classname="tests.integration.test_confirmation_resume" name="test_unknown_tool_plan_is_rejected_end_to_end" time="0.032" /><testcase classname="tests.integration.test_confirmation_resume" name="test_tier3_hard_block_reaches_respond_end_to_end" time="0.028" /><testcase classname="tests.integration.test_confirmation_resume" name="test_tier0_step_skips_confirmation_and_is_verified" time="0.034" /><testcase classname="tests.integration.test_confirmation_resume" name="test_verification_failure_is_reported_honestly_end_to_end" time="0.036" /><testcase classname="tests.integration.test_confirmation_resume" name="test_simulated_daemon_restart_resume" time="0.045" /><testcase classname="tests.integration.test_confirmation_resume" name="test_no_blocked_serde_warnings_across_full_flow" time="0.039" /><testcase classname="tests.integration.test_env" name="test_env_overrides_flow_into_settings_without_file" time="0.003" /><testcase classname="tests.integration.test_env" name="test_full_init_flow_then_reload" time="0.004" /><testcase classname="tests.integration.test_ipc_auth.TestIPCAuth" name="test_correct_token_grants_access" time="3.577" /><testcase classname="tests.integration.test_ipc_auth.TestIPCAuth" name="test_wrong_token_rejected" time="4.086" /><testcase classname="tests.integration.test_ipc_auth.TestIPCAuth" name="test_missing_auth_rejected" time="3.580" /><testcase classname="tests.integration.test_ipc_auth.TestIPCAuth" name="test_authenticated_can_get_status" time="3.569" /><testcase classname="tests.integration.test_ipc_auth.TestIPCAuthNoDaemon" name="test_client_raises_when_daemon_not_running" time="2.027" /><testcase classname="tests.integration.test_tier2_file_flow" name="test_e2e_delete_needs_unlock_then_undo_restores" time="0.340" /><testcase classname="tests.integration.test_tier2_file_flow" name="test_e2e_folder_delete_needs_typed_confirmation" time="0.255" /><testcase classname="tests.integration.test_tier2_file_flow" name="test_e2e_folder_delete_wrong_typed_name_is_refused" time="0.142" /><testcase classname="tests.integration.test_tier2_file_flow" name="test_e2e_locking_after_interrupt_invalidates_approval" time="0.153" /><testcase classname="tests.integration.test_tier2_file_flow" name="test_e2e_path_swapped_for_junction_after_confirmation_is_refused" time="0.179" /><testcase classname="tests.integration.test_tier2_file_flow" name="test_e2e_delete_protected_path_blocks_before_confirmation" time="0.083" /><testcase classname="tests.integration.test_toctou_state" name="test_toctou_unchanged_path_passes" time="0.147" /><testcase classname="tests.integration.test_toctou_state" name="test_toctou_file_to_junction_dir_refused" time="0.178" /><testcase classname="tests.integration.test_toctou_state" name="test_toctou_file_removed_before_resume_reported_honestly" time="0.170" /><testcase classname="tests.integration.test_toctou_state" name="test_toctou_checkpoint_preserves_original_paths" time="0.083" /><testcase classname="tests.integration.test_toctou_state" name="test_toctou_tampered_answer_paths_cannot_bypass" time="0.170" /><testcase classname="tests.integration.test_toctou_state" name="test_toctou_tampered_answer_paths_on_changed_fs_refused" time="0.172" /><testcase classname="tests.unit.test_agent" name="test_decision_rejects_boolean_typed_confirmation" time="0.001" /><testcase classname="tests.unit.test_agent" name="test_decision_accepts_typed_confirmation_string" time="0.001" /><testcase classname="tests.unit.test_agent" name="test_nodes_package_is_a_flat_import_bundle" time="0.001" /><testcase classname="tests.unit.test_agent" name="test_runner_reads_state_via_graph_not_checkpointer" time="0.037" /><testcase classname="tests.unit.test_agent" name="test_runner_state_has_no_password_residue" time="0.035" /><testcase classname="tests.unit.test_agent" name="test_act_runs_when_the_exact_action_was_approved" time="0.003" /><testcase classname="tests.unit.test_agent" name="test_act_refuses_step_mutated_after_approval" time="0.003" /><testcase classname="tests.unit.test_agent" name="test_act_refuses_unknown_tool" time="0.002" /><testcase classname="tests.unit.test_agent" name="test_act_refuses_hard_blocked_tool_even_with_approved_hash" time="0.002" /><testcase classname="tests.unit.test_agent" name="test_respond_never_claims_success_when_verification_failed" time="0.001" /><testcase classname="tests.unit.test_agent" name="test_respond_marks_unverified_success_honestly" time="0.001" /><testcase classname="tests.unit.test_cli" name="test_version_flag" time="0.011" /><testcase classname="tests.unit.test_cli" name="test_no_args_shows_help" time="0.064" /><testcase classname="tests.unit.test_cli" name="test_status_when_daemon_not_running" time="0.006" /><testcase classname="tests.unit.test_cli" name="test_password_set_cli_non_interactive" time="0.058" /><testcase classname="tests.unit.test_cli" name="test_password_set_cli_requires_current_when_hash_exists" time="0.122" /><testcase classname="tests.unit.test_cli" name="test_password_change_cli_non_interactive" time="0.269" /><testcase classname="tests.unit.test_cli" name="test_lock_and_unlock_command_contract" time="0.155" /><testcase classname="tests.unit.test_cli" name="test_confirmation_answer_never_carries_a_password" time="0.001" /><testcase classname="tests.unit.test_cli" name="test_doctor_full_pass_directory" time="0.002" /><testcase classname="tests.unit.test_cli" name="test_doctor_reports_missing_key_and_models" time="0.003" /><testcase classname="tests.unit.test_cli" name="test_doctor_pass_with_configured_models" time="0.003" /><testcase classname="tests.unit.test_cli" name="test_doctor_live_requires_key" time="0.004" /><testcase classname="tests.unit.test_cli" name="test_init_config_writes_config_and_stores_key" time="0.005" /><testcase classname="tests.unit.test_cli" name="test_init_config_non_interactive_skips_missing_keys" time="0.003" /><testcase classname="tests.unit.test_cli" name="test_init_config_generates_ipc_token" time="0.003" /><testcase classname="tests.unit.test_cli" name="test_init_config_keeps_existing_config" time="0.004" /><testcase classname="tests.unit.test_config" name="test_defaults_when_no_config" time="0.004" /><testcase classname="tests.unit.test_config" name="test_default_config_toml_parses" time="0.001" /><testcase classname="tests.unit.test_config" name="test_load_from_toml_file" time="0.004" /><testcase classname="tests.unit.test_config" name="test_env_overrides_toml" time="0.004" /><testcase classname="tests.unit.test_config" name="test_missing_toml_returns_defaults" time="0.004" /><testcase classname="tests.unit.test_config" name="test_user_data_dir_override" time="0.002" /><testcase classname="tests.unit.test_config" name="test_path_helpers_live_under_data_dir" time="0.002" /><testcase classname="tests.unit.test_config" name="test_user_data_dir_unset_uses_platform_default" time="0.001" /><testcase classname="tests.unit.test_daemon_protocol.TestSerializationRoundTrip" name="test_client_to_server_round_trip[msg0]" time="0.001" /><testcase classname="tests.unit.test_daemon_protocol.TestSerializationRoundTrip" name="test_client_to_server_round_trip[msg1]" time="0.001" /><testcase classname="tests.unit.test_daemon_protocol.TestSerializationRoundTrip" name="test_client_to_server_round_trip[msg2]" time="0.001" /><testcase classname="tests.unit.test_daemon_protocol.TestSerializationRoundTrip" name="test_client_to_server_round_trip[msg3]" time="0.001" /><testcase classname="tests.unit.test_daemon_protocol.TestSerializationRoundTrip" name="test_client_to_server_round_trip[msg4]" time="0.001" /><testcase classname="tests.unit.test_daemon_protocol.TestSerializationRoundTrip" name="test_client_to_server_round_trip[msg5]" time="0.001" /><testcase classname="tests.unit.test_daemon_protocol.TestSerializationRoundTrip" name="test_client_to_server_round_trip[msg6]" time="0.001" /><testcase classname="tests.unit.test_daemon_protocol.TestSerializationRoundTrip" name="test_client_to_server_round_trip[msg7]" time="0.001" /><testcase classname="tests.unit.test_daemon_protocol.TestSerializationRoundTrip" name="test_server_to_client_round_trip[msg0]" time="0.001" /><testcase classname="tests.unit.test_daemon_protocol.TestSerializationRoundTrip" name="test_server_to_client_round_trip[msg1]" time="0.001" /><testcase classname="tests.unit.test_daemon_protocol.TestSerializationRoundTrip" name="test_server_to_client_round_trip[msg2]" time="0.001" /><testcase classname="tests.unit.test_daemon_protocol.TestSerializationRoundTrip" name="test_server_to_client_round_trip[msg3]" time="0.001" /><testcase classname="tests.unit.test_daemon_protocol.TestSerializationRoundTrip" name="test_server_to_client_round_trip[msg4]" time="0.001" /><testcase classname="tests.unit.test_daemon_protocol.TestSerializationRoundTrip" name="test_server_to_client_round_trip[msg5]" time="0.001" /><testcase classname="tests.unit.test_daemon_protocol.TestDefaults" name="test_chat_message_defaults" time="0.001" /><testcase classname="tests.unit.test_daemon_protocol.TestDefaults" name="test_auth_ok_default_version" time="0.001" /><testcase classname="tests.unit.test_daemon_protocol.TestDefaults" name="test_event_message_default_kind" time="0.001" /><testcase classname="tests.unit.test_daemon_protocol.TestDefaults" name="test_status_response_defaults" time="0.001" /><testcase classname="tests.unit.test_daemon_protocol.TestValidation" name="test_chat_message_rejects_empty_text" time="0.001" /><testcase classname="tests.unit.test_daemon_protocol.TestValidation" name="test_chat_message_rejects_long_text" time="0.001" /><testcase classname="tests.unit.test_daemon_protocol.TestValidation" name="test_confirm_response_password_optional" time="0.001" /><testcase classname="tests.unit.test_daemon_protocol.TestValidation" name="test_event_message_invalid_kind_rejected" time="0.001" /><testcase classname="tests.unit.test_daemon_protocol.TestParseMessage" name="test_valid_json_wrong_type_returns_none" time="0.001" /><testcase classname="tests.unit.test_daemon_protocol.TestParseMessage" name="test_invalid_json_returns_none" time="0.001" /><testcase classname="tests.unit.test_daemon_protocol.TestParseMessage" name="test_non_dict_json_returns_none" time="0.001" /><testcase classname="tests.unit.test_daemon_protocol.TestParseMessage" name="test_array_json_returns_none" time="0.001" /><testcase classname="tests.unit.test_daemon_protocol.TestParseMessage" name="test_empty_string_returns_none" time="0.001" /><testcase classname="tests.unit.test_daemon_protocol.TestParseMessage" name="test_auth_message_parsed" time="0.001" /><testcase classname="tests.unit.test_daemon_protocol.TestParseMessage" name="test_chat_message_parsed" time="0.001" /><testcase classname="tests.unit.test_daemon_protocol.TestParseMessage" name="test_missing_required_field_returns_none" time="0.001" /><testcase classname="tests.unit.test_daemon_protocol.TestMaxMessageSize" name="test_max_size_constant_is_reasonable" time="0.001" /><testcase classname="tests.unit.test_daemon_protocol.TestMaxMessageSize" name="test_large_payload_still_serializes" time="0.001" /><testcase classname="tests.unit.test_daemon_server.TestServerMessageParsing" name="test_parse_auth" time="0.001" /><testcase classname="tests.unit.test_daemon_server.TestServerMessageParsing" name="test_parse_chat" time="0.001" /><testcase classname="tests.unit.test_daemon_server.TestServerMessageParsing" name="test_parse_confirm" time="0.001" /><testcase classname="tests.unit.test_daemon_server.TestServerMessageParsing" name="test_parse_status" time="0.001" /><testcase classname="tests.unit.test_daemon_server.TestServerMessageParsing" name="test_parse_shutdown" time="0.001" /><testcase classname="tests.unit.test_daemon_server.TestServerMessageParsing" name="test_parse_garbage_returns_none" time="0.001" /><testcase classname="tests.unit.test_daemon_server.TestTaskSlot" name="test_slot_defaults" time="0.001" /><testcase classname="tests.unit.test_daemon_server.TestTaskSlot" name="test_slot_event_signalling" time="0.001" /><testcase classname="tests.unit.test_daemon_server.TestClientConnection" name="test_closed_connection_send_is_noop" time="0.024" /><testcase classname="tests.unit.test_daemon_server.TestClientConnection" name="test_send_writes_ndjson" time="0.004" /><testcase classname="tests.unit.test_daemon_server.TestClientConnection" name="test_send_handles_connection_error" time="0.021" /><testcase classname="tests.unit.test_daemon_server.TestClientConnection" name="test_recv_returns_none_on_eof" time="0.004" /><testcase classname="tests.unit.test_daemon_server.TestClientConnection" name="test_recv_returns_none_on_oversized" time="0.003" /><testcase classname="tests.unit.test_daemon_server.TestClientConnection" name="test_recv_parses_valid_message" time="0.003" /><testcase classname="tests.unit.test_daemon_server.TestClientConnection" name="test_close_idempotent" time="0.002" /><testcase classname="tests.unit.test_files" name="test_create_file_writes_and_verifies" time="0.006" /><testcase classname="tests.unit.test_files" name="test_create_file_refuses_outside_allowed_root" time="0.004" /><testcase classname="tests.unit.test_files" name="test_append_file_appends_and_verifies" time="0.006" /><testcase classname="tests.unit.test_files" name="test_list_dir_lists_entries_and_flags_taint" time="0.005" /><testcase classname="tests.unit.test_files" name="test_read_file_reads_and_truncates_at_max_bytes" time="0.005" /><testcase classname="tests.unit.test_files" name="test_read_file_rejects_non_utf8_content" time="0.005" /><testcase classname="tests.unit.test_files" name="test_delete_file_moves_to_bin_and_writes_undo_record" time="0.019" /><testcase classname="tests.unit.test_files" name="test_delete_folder_moves_whole_tree_to_bin" time="0.015" /><testcase classname="tests.unit.test_files" name="test_delete_path_fails_closed_on_outside_and_protected_paths" time="0.010" /><testcase classname="tests.unit.test_files" name="test_delete_path_partial_failure_reports_honestly" time="0.020" /><testcase classname="tests.unit.test_files" name="test_delete_path_dry_run_never_touches_disk" time="0.008" /><testcase classname="tests.unit.test_files" name="test_delete_never_uses_permanent_deletion" time="0.010" /><testcase classname="tests.unit.test_files" name="test_delete_refuses_when_bin_fails_without_fallback" time="0.007" /><testcase classname="tests.unit.test_files" name="test_undo_restores_the_latest_delete_and_marks_it" time="0.031" /><testcase classname="tests.unit.test_files" name="test_undo_refuses_a_target_that_is_now_outside_allowed_roots" time="0.018" /><testcase classname="tests.unit.test_files" name="test_undo_skips_malformed_and_foreign_records" time="0.010" /><testcase classname="tests.unit.test_files" name="test_undo_reports_when_bin_location_is_unknown" time="0.014" /><testcase classname="tests.unit.test_files" name="test_undo_dry_run_only_previews" time="0.013" /><testcase classname="tests.unit.test_files" name="test_undo_records_are_list_iterable_from_the_log" time="0.011" /><testcase classname="tests.unit.test_invariants" name="test_invariant_1_unknown_tool_is_rejected_without_execution" time="0.030" /><testcase classname="tests.unit.test_invariants" name="test_invariant_2_registry_forbids_shell_tools[shell]" time="0.001" /><testcase classname="tests.unit.test_invariants" name="test_invariant_2_registry_forbids_shell_tools[powershell]" time="0.001" /><testcase classname="tests.unit.test_invariants" name="test_invariant_2_registry_forbids_shell_tools[cmd]" time="0.001" /><testcase classname="tests.unit.test_invariants" name="test_invariant_2_registry_forbids_shell_tools[exec]" time="0.001" /><testcase classname="tests.unit.test_invariants" name="test_invariant_2_registry_forbids_shell_tools[eval]" time="0.001" /><testcase classname="tests.unit.test_invariants" name="test_invariant_2_registry_name_gap_is_closed_by_policy_rules" time="0.001" /><testcase classname="tests.unit.test_invariants" name="test_invariant_3_hard_blocked_tool_never_runs" time="0.026" /><testcase classname="tests.unit.test_invariants" name="test_invariant_6_tampered_hash_never_executes" time="0.033" /><testcase classname="tests.unit.test_invariants" name="test_invariant_6_denied_never_executes" time="0.035" /><testcase classname="tests.unit.test_invariants" name="test_invariant_6_mutated_plan_after_approval_never_executes" time="0.045" /><testcase classname="tests.unit.test_invariants" name="test_invariant_7_values_in_state_never_contain_secrets" time="0.039" /><testcase classname="tests.unit.test_invariants" name="test_invariant_9_verification_failure_fails_closed" time="0.039" /><testcase classname="tests.unit.test_invariants" name="test_invariant_11_tier2_refuses_without_unlocked_session" time="0.036" /><testcase classname="tests.unit.test_invariants" name="test_invariant_11_tier2_approval_with_unlock_still_needs_confirm" time="0.019" /><testcase classname="tests.unit.test_invariants" name="test_invariant_12_llm_cannot_lower_tier" time="0.026" /><testcase classname="tests.unit.test_invariants" name="test_invariant_13_no_side_effects_before_interrupt" time="0.035" /><testcase classname="tests.unit.test_invariants" name="test_no_blocked_deserialization_warnings_through_full_flow" time="0.039" /><testcase classname="tests.unit.test_invariants" name="test_invariant_4_delete_escape_and_protected_paths_never_even_decide" time="0.018" /><testcase classname="tests.unit.test_invariants" name="test_invariant_5_delete_uses_bin_undo_log_and_no_permanent_fallback" time="0.019" /><testcase classname="tests.unit.test_invariants" name="test_invariant_7_and_14_jarvis_password_lives_only_as_a_hash_outside_the_graph" time="0.145" /><testcase classname="tests.unit.test_invariants" name="test_invariant_10_ipc_requires_token" time="2.857" /><testcase classname="tests.unit.test_llm_client" name="test_structured_uses_json_schema_mode" time="0.107" /><testcase classname="tests.unit.test_llm_client" name="test_structured_falls_back_to_json_mode_when_schema_rejected" time="0.014" /><testcase classname="tests.unit.test_llm_client" name="test_repairs_invalid_json_once" time="0.014" /><testcase classname="tests.unit.test_llm_client" name="test_repair_failure_raises_llm_error" time="0.014" /><testcase classname="tests.unit.test_llm_client" name="test_json_fence_is_stripped" time="0.015" /><testcase classname="tests.unit.test_llm_client" name="test_text_returns_content_and_tracks_usage" time="0.015" /><testcase classname="tests.unit.test_llm_client" name="test_non_schema_groq_error_wraps_in_llm_error" time="0.016" /><testcase classname="tests.unit.test_llm_client" name="test_rate_limit_retries_then_succeeds" time="0.014" /><testcase classname="tests.unit.test_llm_client" name="test_rate_limit_exhaustion_raises" time="0.019" /><testcase classname="tests.unit.test_llm_client" name="test_server_error_retries" time="0.021" /><testcase classname="tests.unit.test_llm_client" name="test_missing_model_role_raises" time="0.014" /><testcase classname="tests.unit.test_llm_client" name="test_unknown_role_raises" time="0.015" /><testcase classname="tests.unit.test_llm_client.TestFakeLLM" name="test_structured_returns_scripted_model" time="0.001" /><testcase classname="tests.unit.test_llm_client.TestFakeLLM" name="test_text_returns_scripted_string" time="0.001" /><testcase classname="tests.unit.test_llm_client.TestFakeLLM" name="test_default_model_when_script_exhausted" time="0.001" /><testcase classname="tests.unit.test_llm_client.TestFakeLLM" name="test_wrong_script_type_raises" time="0.001" /><testcase classname="tests.unit.test_llm_client.TestFakeLLM" name="test_exhausted_without_default_raises" time="0.001" /><testcase classname="tests.unit.test_llm_client.TestFakeLLM" name="test_usage_cumulative" time="0.001" /><testcase classname="tests.unit.test_logging" name="test_redact_registered_secret_exact_value" time="0.001" /><testcase classname="tests.unit.test_logging" name="test_redact_key_prefix_matches_before_registration" time="0.001" /><testcase classname="tests.unit.test_logging" name="test_redact_sensitive_field" time="0.001" /><testcase classname="tests.unit.test_logging" name="test_redact_phone_keeps_last_two_digits" time="0.001" /><testcase classname="tests.unit.test_logging" name="test_redact_ignores_short_or_empty" time="0.001" /><testcase classname="tests.unit.test_logging" name="test_json_lines_formatter_redacts" time="0.001" /><testcase classname="tests.unit.test_logging" name="test_configure_logging_writes_redacted_jsonl" time="0.013" /><testcase classname="tests.unit.test_logging" name="test_configure_logging_is_idempotent" time="0.003" /><testcase classname="tests.unit.test_package" name="test_version_is_string" time="0.001" /><testcase classname="tests.unit.test_package" name="test_version_installed_distribution" time="0.008" /><testcase classname="tests.unit.test_package" name="test_module_imports_on_any_os[jarvis]" time="0.001" /><testcase classname="tests.unit.test_package" name="test_module_imports_on_any_os[jarvis.config]" time="0.001" /><testcase classname="tests.unit.test_package" name="test_module_imports_on_any_os[jarvis.secrets]" time="0.001" /><testcase classname="tests.unit.test_package" name="test_module_imports_on_any_os[jarvis.logging_setup]" time="0.001" /><testcase classname="tests.unit.test_package" name="test_module_imports_on_any_os[jarvis.platform_guard]" time="0.001" /><testcase classname="tests.unit.test_package" name="test_module_imports_on_any_os[jarvis.llm.client]" time="0.001" /><testcase classname="tests.unit.test_package" name="test_module_imports_on_any_os[jarvis.llm.prompts]" time="0.001" /><testcase classname="tests.unit.test_package" name="test_module_imports_on_any_os[jarvis.agent.state]" time="0.001" /><testcase classname="tests.unit.test_package" name="test_module_imports_on_any_os[jarvis.agent.graph]" time="0.001" /><testcase classname="tests.unit.test_package" name="test_module_imports_on_any_os[jarvis.agent.runner]" time="0.001" /><testcase classname="tests.unit.test_package" name="test_module_imports_on_any_os[jarvis.policy.tiers]" time="0.001" /><testcase classname="tests.unit.test_package" name="test_module_imports_on_any_os[jarvis.policy.engine]" time="0.001" /><testcase classname="tests.unit.test_package" name="test_module_imports_on_any_os[jarvis.policy.paths]" time="0.001" /><testcase classname="tests.unit.test_package" name="test_module_imports_on_any_os[jarvis.policy.unlock]" time="0.001" /><testcase classname="tests.unit.test_package" name="test_module_imports_on_any_os[jarvis.tools.base]" time="0.001" /><testcase classname="tests.unit.test_package" name="test_module_imports_on_any_os[jarvis.tools.registry]" time="0.001" /><testcase classname="tests.unit.test_package" name="test_module_imports_on_any_os[jarvis.tools.apps]" time="0.002" /><testcase classname="tests.unit.test_package" name="test_module_imports_on_any_os[jarvis.tools.files]" time="0.001" /><testcase classname="tests.unit.test_package" name="test_module_imports_on_any_os[jarvis.tools.web]" time="0.001" /><testcase classname="tests.unit.test_package" name="test_module_imports_on_any_os[jarvis.tools.keyboard]" time="0.001" /><testcase classname="tests.unit.test_package" name="test_module_imports_on_any_os[jarvis.tools.whatsapp]" time="0.001" /><testcase classname="tests.unit.test_package" name="test_module_imports_on_any_os[jarvis.tools.dictation]" time="0.001" /><testcase classname="tests.unit.test_package" name="test_module_imports_on_any_os[jarvis.tools.system]" time="0.001" /><testcase classname="tests.unit.test_package" name="test_module_imports_on_any_os[jarvis.daemon.protocol]" time="0.001" /><testcase classname="tests.unit.test_package" name="test_module_imports_on_any_os[jarvis.daemon.server]" time="0.001" /><testcase classname="tests.unit.test_package" name="test_module_imports_on_any_os[jarvis.daemon.client]" time="0.001" /><testcase classname="tests.unit.test_package" name="test_module_imports_on_any_os[jarvis.daemon.autostart]" time="0.001" /><testcase classname="tests.unit.test_package" name="test_module_imports_on_any_os[jarvis.voice.wake]" time="0.002" /><testcase classname="tests.unit.test_package" name="test_module_imports_on_any_os[jarvis.voice.stt]" time="0.001" /><testcase classname="tests.unit.test_package" name="test_module_imports_on_any_os[jarvis.voice.tts]" time="0.001" /><testcase classname="tests.unit.test_package" name="test_module_imports_on_any_os[jarvis.voice.vad]" time="0.001" /><testcase classname="tests.unit.test_package" name="test_module_imports_on_any_os[jarvis.memory.db]" time="0.002" /><testcase classname="tests.unit.test_package" name="test_module_imports_on_any_os[jarvis.memory.skills]" time="0.001" /><testcase classname="tests.unit.test_package" name="test_module_imports_on_any_os[jarvis.memory.failures]" time="0.001" /><testcase classname="tests.unit.test_package" name="test_module_imports_on_any_os[jarvis.memory.prefs]" time="0.001" /><testcase classname="tests.unit.test_package" name="test_module_imports_on_any_os[jarvis.memory.embeddings]" time="0.001" /><testcase classname="tests.unit.test_package" name="test_module_imports_on_any_os[jarvis.audit.checks]" time="0.002" /><testcase classname="tests.unit.test_package" name="test_module_imports_on_any_os[jarvis.audit.report]" time="0.001" /><testcase classname="tests.unit.test_paths" name="test_resolve_safe_rejects_unsafe_forms[]" time="0.001" /><testcase classname="tests.unit.test_paths" name="test_resolve_safe_rejects_unsafe_forms[   ]" time="0.001" /><testcase classname="tests.unit.test_paths" name="test_resolve_safe_rejects_unsafe_forms[a\x00b]" time="0.001" /><testcase classname="tests.unit.test_paths" name="test_resolve_safe_rejects_unsafe_forms[\\\\server\\share]" time="0.001" /><testcase classname="tests.unit.test_paths" name="test_resolve_safe_rejects_unsafe_forms[\\\\.\\device]" time="0.001" /><testcase classname="tests.unit.test_paths" name="test_resolve_safe_rejects_unsafe_forms[\\\\?\\C:\\x]" time="0.001" /><testcase classname="tests.unit.test_paths" name="test_resolve_safe_rejects_device_names" time="0.002" /><testcase classname="tests.unit.test_paths" name="test_resolve_safe_rejects_alternate_data_streams_and_drive_relative" time="0.001" /><testcase classname="tests.unit.test_paths" name="test_resolve_safe_rejects_none_and_non_string" time="0.001" /><testcase classname="tests.unit.test_paths" name="test_resolve_safe_expands_home_dir" time="0.001" /><testcase classname="tests.unit.test_paths" name="test_resolve_safe_expands_env_vars" time="0.001" /><testcase classname="tests.unit.test_paths" name="test_resolve_safe_joins_cwd_and_collapses_dotdot" time="0.001" /><testcase classname="tests.unit.test_paths" name="test_resolve_safe_normal_path_is_untouched" time="0.003" /><testcase classname="tests.unit.test_paths" name="test_normalise_key_is_case_insensitive_on_windows" time="0.001" /><testcase classname="tests.unit.test_paths" name="test_within_any_root_respects_path_boundaries" time="0.003" /><testcase classname="tests.unit.test_paths" name="test_covers_any_root_means_root_or_ancestor" time="0.003" /><testcase classname="tests.unit.test_paths" name="test_is_protected_exact_root_and_ancestors" time="0.003" /><testcase classname="tests.unit.test_paths" name="test_is_protected_container_enclosure" time="0.003" /><testcase classname="tests.unit.test_paths" name="test_is_protected_wildcard_region" time="0.009" /><testcase classname="tests.unit.test_paths" name="test_is_protected_drive_root_is_always_protected" time="0.003" /><testcase classname="tests.unit.test_paths" name="test_real_os_protected_dirs_are_rejected" time="0.012" /><testcase classname="tests.unit.test_paths" name="test_allowed_roots_that_live_under_home_are_not_protected" time="0.007" /><testcase classname="tests.unit.test_paths" name="test_resolve_safe_hypothesis_never_raises_and_is_absolute" time="0.160" /><testcase classname="tests.unit.test_paths" name="test_normalise_key_is_total_and_idempotent" time="0.054" /><testcase classname="tests.unit.test_paths" name="test_dotted_device_name_variants_stay_ordinary_filenames" time="0.001" /><testcase classname="tests.unit.test_platform_guard" name="test_is_windows_matches_runtime" time="0.001" /><testcase classname="tests.unit.test_platform_guard" name="test_python_supported[version0-True]" time="0.001" /><testcase classname="tests.unit.test_platform_guard" name="test_python_supported[version1-True]" time="0.001" /><testcase classname="tests.unit.test_platform_guard" name="test_python_supported[version2-False]" time="0.001" /><testcase classname="tests.unit.test_platform_guard" name="test_python_supported[version3-False]" time="0.001" /><testcase classname="tests.unit.test_platform_guard" name="test_is_64bit_on_current_interpreters" time="0.001" /><testcase classname="tests.unit.test_platform_guard" name="test_require_windows_raises_off_windows" time="0.001" /><testcase classname="tests.unit.test_platform_guard" name="test_windows_only_decorator" time="0.001" /><testcase classname="tests.unit.test_platform_guard" name="test_lazy_import_loads_on_demand" time="0.001" /><testcase classname="tests.unit.test_platform_guard" name="test_lazy_import_same_object_after_load" time="0.001" /><testcase classname="tests.unit.test_policy_file_rules" name="test_delete_file_is_tier2_unlock_without_typed_confirmation" time="0.008" /><testcase classname="tests.unit.test_policy_file_rules" name="test_delete_folder_requires_typed_folder_name" time="0.007" /><testcase classname="tests.unit.test_policy_file_rules" name="test_delete_of_two_folders_joins_sorted_names" time="0.011" /><testcase classname="tests.unit.test_policy_file_rules" name="test_typed_confirmation_disabled_via_settings_falls_back_to_plain" time="0.008" /><testcase classname="tests.unit.test_policy_file_rules" name="test_delete_many_files_records_every_resolved_path" time="0.014" /><testcase classname="tests.unit.test_policy_file_rules" name="test_delete_of_an_allowed_root_itself_is_refused" time="0.007" /><testcase classname="tests.unit.test_policy_file_rules" name="test_delete_of_an_ancestor_of_an_allowed_root_is_refused" time="0.009" /><testcase classname="tests.unit.test_policy_file_rules" name="test_delete_outside_allowed_roots_is_refused" time="0.011" /><testcase classname="tests.unit.test_policy_file_rules" name="test_delete_of_protected_windows_path_is_refused" time="0.008" /><testcase classname="tests.unit.test_policy_file_rules" name="test_bad_path_string_is_refused_before_any_tier" time="0.005" /><testcase classname="tests.unit.test_policy_file_rules" name="test_empty_delete_list_is_invalid_arguments" time="0.005" /><testcase classname="tests.unit.test_policy_file_rules" name="test_create_file_overwrite_keeps_tier1_and_warns" time="0.010" /><testcase classname="tests.unit.test_policy_file_rules" name="test_create_file_inside_root_is_tier1" time="0.008" /><testcase classname="tests.unit.test_policy_file_rules" name="test_read_only_tools_are_tier0" time="0.012" /><testcase classname="tests.unit.test_policy_file_rules" name="test_lock_jarvis_is_tier0_and_harmless" time="0.006" /><testcase classname="tests.unit.test_policy_file_rules" name="test_undo_last_delete_is_tier1" time="0.005" /><testcase classname="tests.unit.test_policy_file_rules" name="test_unsanctioned_delete_names_are_still_hard_blocked" time="0.006" /><testcase classname="tests.unit.test_policy_file_rules" name="test_sanctioned_delete_tools_are_never_name_blocked" time="0.008" /><testcase classname="tests.unit.test_secrets" name="test_set_get_delete_roundtrip" time="0.002" /><testcase classname="tests.unit.test_secrets" name="test_delete_missing_is_noop" time="0.001" /><testcase classname="tests.unit.test_secrets" name="test_get_missing_returns_none" time="0.001" /><testcase classname="tests.unit.test_secrets" name="test_backend_failure_raises_secret_store_error" time="0.002" /><testcase classname="tests.unit.test_secrets" name="test_backend_failure_on_write_raises" time="0.001" /><testcase classname="tests.unit.test_secrets" name="test_check_store_access_reports_backend" time="0.001" /><testcase classname="tests.unit.test_secrets" name="test_check_store_access_none_on_failure" time="0.001" /><testcase classname="tests.unit.test_secrets" name="test_secret_names_and_redactables_align" time="0.001" /><testcase classname="tests.unit.test_serializer" name="test_strict_msgpack_is_on_in_the_test_env" time="0.001" /><testcase classname="tests.unit.test_serializer" name="test_build_secure_serde_is_explicit_not_permissive" time="0.001" /><testcase classname="tests.unit.test_serializer" name="test_checkpointer_uses_the_secure_serde" time="0.003" /><testcase classname="tests.unit.test_serializer" name="test_serde_roundtrips_allowlisted_state_models" time="0.001" /><testcase classname="tests.unit.test_serializer" name="test_serde_refuses_unregistered_types_as_plain_data" time="0.002" /><testcase classname="tests.unit.test_serializer" name="test_allowlisted_flows_emit_no_serde_warnings" time="0.001" /><testcase classname="tests.unit.test_serializer" name="test_unregistered_type_is_warned_once" time="0.002" /><testcase classname="tests.unit.test_unlock" name="test_set_password_stores_only_an_argon2id_hash" time="0.054" /><testcase classname="tests.unit.test_unlock" name="test_set_password_rejects_too_short" time="0.002" /><testcase classname="tests.unit.test_unlock" name="test_verify_correct_opens_a_session_with_ttl" time="0.113" /><testcase classname="tests.unit.test_unlock" name="test_verify_wrong_password_never_unlocks" time="0.105" /><testcase classname="tests.unit.test_unlock" name="test_verify_with_no_password_stored_is_false" time="0.002" /><testcase classname="tests.unit.test_unlock" name="test_lock_invalidates_an_unlocked_session" time="0.097" /><testcase classname="tests.unit.test_unlock" name="test_clock_going_backwards_does_not_extend_session" time="0.121" /><testcase classname="tests.unit.test_unlock" name="test_lockout_doubles_and_caps_in_seconds" time="0.698" /><testcase classname="tests.unit.test_unlock" name="test_lockout_clears_after_backoff_window" time="0.216" /><testcase classname="tests.unit.test_unlock" name="test_successful_verify_resets_the_backoff_escalation" time="0.303" /><testcase classname="tests.unit.test_unlock" name="test_credential_store_failure_means_not_unlocked" time="0.092" /><testcase classname="tests.unit.test_unlock" name="test_stale_hash_is_rehashed_on_successful_verify" time="0.107" /><testcase classname="tests.unit.test_unlock" name="test_password_must_never_appear_in_logs" time="0.168" /><testcase classname="tests.windows_only.test_real_keyring" name="test_real_keyring_access" time="0.124" /><testcase classname="tests.windows_only.test_real_keyring" name="test_real_keyring_roundtrip" time="0.002" /><testcase classname="tests.windows_only.test_recycle_bin" name="test_recycle_bin_round_trip" time="0.077" /><testcase classname="tests.windows_only.test_recycle_bin" name="test_long_path_expansion_of_short_names" time="0.004" /><testcase classname="tests.windows_only.test_recycle_bin" name="test_resolve_safe_follows_junctions" time="0.024" /></testsuite></testsuites>